2020/12/12 22:33:25: Peer [1001] is started
2020/12/12 22:33:46: Peer [1001] Connection is established
2020/12/12 22:33:46: Peer [1001] makes a connection to Peer [1004]
2020/12/12 22:33:46: Peer [1001] Received a HANDSHAKE message from Peer [1004]
2020/12/12 22:33:46: Peer [1001] HANDSHAKE message has been sent successfully.
2020/12/12 22:33:46: Peer [1001] received the 'bitfield' message from Peer [1004]
2020/12/12 22:33:46: Peer [1001] is sending 'bitfield' message to Peer [1004]
2020/12/12 22:33:46: Peer [1001] Connection is established
2020/12/12 22:33:46: Peer [1001] makes a connection to Peer [1003]
2020/12/12 22:33:46: Peer [1001] Received a HANDSHAKE message from Peer [1003]
2020/12/12 22:33:46: Peer [1001] HANDSHAKE message has been sent successfully.
2020/12/12 22:33:46: Peer [1001] received the 'interested' message from Peer [1004]
2020/12/12 22:33:46: Peer [1001] is sending 'unchoke' message to Peer [1004]
2020/12/12 22:33:47: Peer [1001] Connection is established
2020/12/12 22:33:47: Peer [1001] makes a connection to Peer [1002]
2020/12/12 22:33:47: Peer [1001] Received a HANDSHAKE message from Peer [1002]
2020/12/12 22:33:47: Peer [1001] HANDSHAKE message has been sent successfully.
2020/12/12 22:33:47: Peer [1001] received the 'bitfield' message from Peer [1003]
2020/12/12 22:33:47: Peer [1001] is sending 'bitfield' message to Peer [1003]
2020/12/12 22:33:47: Peer [1001] is sending a PIECE message for piece [0] to Peer [1004]
2020/12/12 22:33:47: Peer [1001] is sending a PIECE message for piece [1] to Peer [1004]
2020/12/12 22:33:47: Peer [1001] received the 'bitfield' message from Peer [1002]
2020/12/12 22:33:47: Peer [1001] is sending 'bitfield' message to Peer [1002]
2020/12/12 22:33:47: Peer [1001] received the 'interested' message from Peer [1003]
2020/12/12 22:33:47: Peer [1001] is sending 'unchoke' message to Peer [1003]
2020/12/12 22:33:48: Peer [1001] is sending a PIECE message for piece [2] to Peer [1004]
2020/12/12 22:33:48: Peer [1001] is sending a PIECE message for piece [0] to Peer [1003]
2020/12/12 22:33:48: Peer [1001] received the 'interested' message from Peer [1002]
2020/12/12 22:33:48: Peer [1001] is sending 'unchoke' message to Peer [1002]
2020/12/12 22:33:48: Peer [1001] is sending a PIECE message for piece [3] to Peer [1004]
2020/12/12 22:33:48: Peer [1001] Connection is established
2020/12/12 22:33:48: Peer [1001] makes a connection to Peer [1005]
2020/12/12 22:33:48: Peer [1001] Received a HANDSHAKE message from Peer [1005]
2020/12/12 22:33:48: Peer [1001] HANDSHAKE message has been sent successfully.
2020/12/12 22:33:49: Peer [1001] is sending a PIECE message for piece [1] to Peer [1003]
2020/12/12 22:33:49: Peer [1001] is sending a PIECE message for piece [0] to Peer [1002]
2020/12/12 22:33:49: Peer [1001] received the 'bitfield' message from Peer [1005]
2020/12/12 22:33:49: Peer [1001] is sending 'bitfield' message to Peer [1005]
2020/12/12 22:33:49: Peer [1001] is sending a PIECE message for piece [4] to Peer [1004]
2020/12/12 22:33:49: Peer [1001] is sending a PIECE message for piece [2] to Peer [1003]
2020/12/12 22:33:49: Peer [1001] is sending a PIECE message for piece [1] to Peer [1002]
2020/12/12 22:33:49: Peer [1001] is sending a PIECE message for piece [5] to Peer [1004]
2020/12/12 22:33:50: Peer [1001] received the 'interested' message from Peer [1005]
2020/12/12 22:33:50: Peer [1001] is sending 'unchoke' message to Peer [1005]
2020/12/12 22:33:50: Peer [1001] is sending a PIECE message for piece [3] to Peer [1003]
2020/12/12 22:33:50: Peer [1001] is sending a PIECE message for piece [2] to Peer [1002]
2020/12/12 22:33:50: Peer [1001] is sending a PIECE message for piece [6] to Peer [1004]
2020/12/12 22:33:50: Peer [1001] is sending a PIECE message for piece [4] to Peer [1003]
2020/12/12 22:33:50: Peer [1001] is sending a PIECE message for piece [3] to Peer [1002]
2020/12/12 22:33:50: Peer [1001] is sending a PIECE message for piece [0] to Peer [1005]
2020/12/12 22:33:50: Peer [1001] is sending a PIECE message for piece [7] to Peer [1004]
2020/12/12 22:33:50: Peer [1001] has selected the preferred neighbors [1005, 1004, 1003, ]
2020/12/12 22:33:51: Peer [1001] is sending a PIECE message for piece [1] to Peer [1005]
2020/12/12 22:33:51: Peer [1001] is sending a PIECE message for piece [5] to Peer [1003]
2020/12/12 22:33:51: Peer [1001] is sending a PIECE message for piece [4] to Peer [1002]
2020/12/12 22:33:51: Peer [1001] is sending 'choke' message to Peer [1002]
2020/12/12 22:33:51: Peer [1001] is sending a PIECE message for piece [8] to Peer [1004]
2020/12/12 22:33:51: Peer [1001] is sending a PIECE message for piece [9] to Peer [1004]
2020/12/12 22:33:51: Peer [1001] is sending a PIECE message for piece [2] to Peer [1005]
2020/12/12 22:33:51: Peer [1001] is sending a PIECE message for piece [6] to Peer [1003]
2020/12/12 22:33:52: Peer [1001] is sending a PIECE message for piece [10] to Peer [1004]
2020/12/12 22:33:52: Peer [1001] is sending a PIECE message for piece [7] to Peer [1003]
2020/12/12 22:33:52: Peer [1001] is sending a PIECE message for piece [3] to Peer [1005]
2020/12/12 22:33:52: Peer [1001] is sending a PIECE message for piece [11] to Peer [1004]
2020/12/12 22:33:52: Peer [1001] is sending a PIECE message for piece [8] to Peer [1003]
2020/12/12 22:33:52: Peer [1001] is sending a PIECE message for piece [4] to Peer [1005]
2020/12/12 22:33:53: Peer [1001] is sending a PIECE message for piece [12] to Peer [1004]
2020/12/12 22:33:53: Peer [1001] is sending a PIECE message for piece [9] to Peer [1003]
2020/12/12 22:33:53: Peer [1001] is sending a PIECE message for piece [5] to Peer [1005]
2020/12/12 22:33:53: Peer [1001] is sending a PIECE message for piece [13] to Peer [1004]
2020/12/12 22:33:53: Peer [1001] is sending a PIECE message for piece [10] to Peer [1003]
2020/12/12 22:33:53: Peer [1001] is sending a PIECE message for piece [6] to Peer [1005]
2020/12/12 22:33:54: Peer [1001] is sending a PIECE message for piece [14] to Peer [1004]
2020/12/12 22:33:54: Peer [1001] is sending a PIECE message for piece [11] to Peer [1003]
2020/12/12 22:33:54: Peer [1001] is sending a PIECE message for piece [7] to Peer [1005]
2020/12/12 22:33:54: Peer [1001] is sending a PIECE message for piece [15] to Peer [1004]
2020/12/12 22:33:54: Peer [1001] is sending a PIECE message for piece [12] to Peer [1003]
2020/12/12 22:33:54: Peer [1001] is sending a PIECE message for piece [8] to Peer [1005]
2020/12/12 22:33:55: Peer [1001] is sending a PIECE message for piece [9] to Peer [1005]
2020/12/12 22:33:55: Peer [1001] is sending a PIECE message for piece [16] to Peer [1004]
2020/12/12 22:33:55: Peer [1001] is sending a PIECE message for piece [13] to Peer [1003]
2020/12/12 22:33:55: Peer [1001] is sending a PIECE message for piece [17] to Peer [1004]
2020/12/12 22:33:55: Peer [1001] is sending a PIECE message for piece [10] to Peer [1005]
2020/12/12 22:33:55: Peer [1001] is sending a PIECE message for piece [14] to Peer [1003]
2020/12/12 22:33:55: Peer [1001] has selected the preferred neighbors [1005, 1004, 1003, ]
2020/12/12 22:33:55: Peer [1001] has the optimistically unchoked neighbor [1002]
2020/12/12 22:33:55: Peer [1001] is sending 'unchoke' message to Peer [1002]
2020/12/12 22:33:55: Peer [1001] is sending 'have' message to Peer [1002]
2020/12/12 22:33:56: Peer [1001] is sending a PIECE message for piece [18] to Peer [1004]
2020/12/12 22:33:56: Peer [1001] is sending a PIECE message for piece [11] to Peer [1005]
2020/12/12 22:33:56: Peer [1001] received the 'interested' message from Peer [1002]
2020/12/12 22:33:56: Peer [1001] is sending 'unchoke' message to Peer [1002]
2020/12/12 22:33:56: Peer [1001] is sending a PIECE message for piece [15] to Peer [1003]
2020/12/12 22:33:56: Peer [1001] is sending a PIECE message for piece [19] to Peer [1004]
2020/12/12 22:33:56: Peer [1001] is sending a PIECE message for piece [12] to Peer [1005]
2020/12/12 22:33:56: Peer [1001] is sending a PIECE message for piece [16] to Peer [1003]
2020/12/12 22:33:56: Peer [1001] is sending a PIECE message for piece [4] to Peer [1002]
2020/12/12 22:33:57: Peer [1001] is sending a PIECE message for piece [20] to Peer [1004]
2020/12/12 22:33:57: Peer [1001] is sending a PIECE message for piece [17] to Peer [1003]
2020/12/12 22:33:57: Peer [1001] is sending a PIECE message for piece [5] to Peer [1002]
2020/12/12 22:33:57: Peer [1001] is sending a PIECE message for piece [13] to Peer [1005]
2020/12/12 22:33:57: Peer [1001] is sending a PIECE message for piece [21] to Peer [1004]
2020/12/12 22:33:57: Peer [1001] is sending a PIECE message for piece [18] to Peer [1003]
2020/12/12 22:33:57: Peer [1001] is sending a PIECE message for piece [6] to Peer [1002]
2020/12/12 22:33:57: Peer [1001] is sending a PIECE message for piece [14] to Peer [1005]
2020/12/12 22:33:58: Peer [1001] is sending a PIECE message for piece [22] to Peer [1004]
2020/12/12 22:33:58: Peer [1001] is sending a PIECE message for piece [15] to Peer [1005]
2020/12/12 22:33:58: Peer [1001] is sending a PIECE message for piece [7] to Peer [1002]
2020/12/12 22:33:58: Peer [1001] is sending a PIECE message for piece [19] to Peer [1003]
2020/12/12 22:33:58: Peer [1001] is sending a PIECE message for piece [23] to Peer [1004]
2020/12/12 22:33:58: Peer [1001] is sending a PIECE message for piece [16] to Peer [1005]
2020/12/12 22:33:58: Peer [1001] is sending a PIECE message for piece [8] to Peer [1002]
2020/12/12 22:33:58: Peer [1001] is sending a PIECE message for piece [20] to Peer [1003]
2020/12/12 22:33:59: Peer [1001] is sending a PIECE message for piece [24] to Peer [1004]
2020/12/12 22:33:59: Peer [1001] is sending a PIECE message for piece [9] to Peer [1002]
2020/12/12 22:33:59: Peer [1001] is sending a PIECE message for piece [21] to Peer [1003]
2020/12/12 22:33:59: Peer [1001] is sending a PIECE message for piece [17] to Peer [1005]
2020/12/12 22:33:59: Peer [1001] is sending a PIECE message for piece [18] to Peer [1005]
2020/12/12 22:33:59: Peer [1001] is sending a PIECE message for piece [25] to Peer [1004]
2020/12/12 22:33:59: Peer [1001] is sending a PIECE message for piece [10] to Peer [1002]
2020/12/12 22:33:59: Peer [1001] is sending a PIECE message for piece [22] to Peer [1003]
2020/12/12 22:34:00: Peer [1001] is sending a PIECE message for piece [19] to Peer [1005]
2020/12/12 22:34:00: Peer [1001] is sending a PIECE message for piece [26] to Peer [1004]
2020/12/12 22:34:00: Peer [1001] is sending a PIECE message for piece [23] to Peer [1003]
2020/12/12 22:34:00: Peer [1001] is sending a PIECE message for piece [11] to Peer [1002]
2020/12/12 22:34:00: Peer [1001] is sending a PIECE message for piece [27] to Peer [1004]
2020/12/12 22:34:00: Peer [1001] is sending a PIECE message for piece [20] to Peer [1005]
2020/12/12 22:34:00: Peer [1001] is sending a PIECE message for piece [24] to Peer [1003]
2020/12/12 22:34:00: Peer [1001] is sending a PIECE message for piece [12] to Peer [1002]
2020/12/12 22:34:00: Peer [1001] has selected the preferred neighbors [1005, 1004, 1003, ]
2020/12/12 22:34:01: Peer [1001] is sending a PIECE message for piece [28] to Peer [1004]
2020/12/12 22:34:01: Peer [1001] is sending a PIECE message for piece [21] to Peer [1005]
2020/12/12 22:34:01: Peer [1001] is sending a PIECE message for piece [25] to Peer [1003]
2020/12/12 22:34:01: Peer [1001] is sending a PIECE message for piece [13] to Peer [1002]
2020/12/12 22:34:01: Peer [1001] is sending a PIECE message for piece [29] to Peer [1004]
2020/12/12 22:34:01: Peer [1001] is sending a PIECE message for piece [26] to Peer [1003]
2020/12/12 22:34:01: Peer [1001] is sending a PIECE message for piece [22] to Peer [1005]
2020/12/12 22:34:01: Peer [1001] is sending a PIECE message for piece [14] to Peer [1002]
2020/12/12 22:34:02: Peer [1001] is sending a PIECE message for piece [15] to Peer [1002]
2020/12/12 22:34:02: Peer [1001] is sending a PIECE message for piece [23] to Peer [1005]
2020/12/12 22:34:02: Peer [1001] is sending a PIECE message for piece [30] to Peer [1004]
2020/12/12 22:34:02: Peer [1001] is sending a PIECE message for piece [27] to Peer [1003]
2020/12/12 22:34:02: Peer [1001] is sending a PIECE message for piece [16] to Peer [1002]
2020/12/12 22:34:02: Peer [1001] is sending a PIECE message for piece [24] to Peer [1005]
2020/12/12 22:34:02: Peer [1001] is sending a PIECE message for piece [31] to Peer [1004]
2020/12/12 22:34:02: Peer [1001] is sending a PIECE message for piece [28] to Peer [1003]
2020/12/12 22:34:03: Peer [1001] is sending a PIECE message for piece [17] to Peer [1002]
2020/12/12 22:34:03: Peer [1001] is sending a PIECE message for piece [25] to Peer [1005]
2020/12/12 22:34:03: Peer [1001] is sending a PIECE message for piece [32] to Peer [1004]
2020/12/12 22:34:03: Peer [1001] is sending a PIECE message for piece [29] to Peer [1003]
2020/12/12 22:34:03: Peer [1001] is sending a PIECE message for piece [18] to Peer [1002]
2020/12/12 22:34:03: Peer [1001] is sending a PIECE message for piece [26] to Peer [1005]
2020/12/12 22:34:03: Peer [1001] is sending a PIECE message for piece [33] to Peer [1004]
2020/12/12 22:34:03: Peer [1001] is sending a PIECE message for piece [30] to Peer [1003]
2020/12/12 22:34:04: Peer [1001] is sending a PIECE message for piece [19] to Peer [1002]
2020/12/12 22:34:04: Peer [1001] is sending a PIECE message for piece [27] to Peer [1005]
2020/12/12 22:34:04: Peer [1001] is sending a PIECE message for piece [34] to Peer [1004]
2020/12/12 22:34:04: Peer [1001] is sending a PIECE message for piece [31] to Peer [1003]
2020/12/12 22:34:04: Peer [1001] is sending a PIECE message for piece [20] to Peer [1002]
2020/12/12 22:34:04: Peer [1001] is sending a PIECE message for piece [28] to Peer [1005]
2020/12/12 22:34:04: Peer [1001] is sending a PIECE message for piece [35] to Peer [1004]
2020/12/12 22:34:04: Peer [1001] is sending a PIECE message for piece [32] to Peer [1003]
2020/12/12 22:34:05: Peer [1001] is sending a PIECE message for piece [21] to Peer [1002]
2020/12/12 22:34:05: Peer [1001] is sending a PIECE message for piece [36] to Peer [1004]
2020/12/12 22:34:05: Peer [1001] is sending a PIECE message for piece [33] to Peer [1003]
2020/12/12 22:34:05: Peer [1001] is sending a PIECE message for piece [29] to Peer [1005]
2020/12/12 22:34:05: Peer [1001] is sending a PIECE message for piece [22] to Peer [1002]
2020/12/12 22:34:05: Peer [1001] is sending a PIECE message for piece [37] to Peer [1004]
2020/12/12 22:34:05: Peer [1001] is sending a PIECE message for piece [34] to Peer [1003]
2020/12/12 22:34:05: Peer [1001] is sending a PIECE message for piece [30] to Peer [1005]
2020/12/12 22:34:05: Peer [1001] has selected the preferred neighbors [1005, 1004, 1003, ]
2020/12/12 22:34:06: Peer [1001] is sending a PIECE message for piece [31] to Peer [1005]
2020/12/12 22:34:06: Peer [1001] is sending a PIECE message for piece [23] to Peer [1002]
2020/12/12 22:34:06: Peer [1001] is sending 'choke' message to Peer [1002]
2020/12/12 22:34:06: Peer [1001] is sending a PIECE message for piece [38] to Peer [1004]
2020/12/12 22:34:06: Peer [1001] is sending a PIECE message for piece [35] to Peer [1003]
2020/12/12 22:34:06: Peer [1001] is sending a PIECE message for piece [32] to Peer [1005]
2020/12/12 22:34:06: Peer [1001] is sending a PIECE message for piece [39] to Peer [1004]
2020/12/12 22:34:06: Peer [1001] is sending a PIECE message for piece [36] to Peer [1003]
2020/12/12 22:34:07: Peer [1001] is sending a PIECE message for piece [33] to Peer [1005]
2020/12/12 22:34:07: Peer [1001] is sending a PIECE message for piece [40] to Peer [1004]
2020/12/12 22:34:07: Peer [1001] is sending a PIECE message for piece [37] to Peer [1003]
2020/12/12 22:34:07: Peer [1001] is sending a PIECE message for piece [34] to Peer [1005]
2020/12/12 22:34:07: Peer [1001] is sending a PIECE message for piece [41] to Peer [1004]
2020/12/12 22:34:07: Peer [1001] is sending a PIECE message for piece [38] to Peer [1003]
2020/12/12 22:34:08: Peer [1001] is sending a PIECE message for piece [35] to Peer [1005]
2020/12/12 22:34:08: Peer [1001] is sending a PIECE message for piece [42] to Peer [1004]
2020/12/12 22:34:08: Peer [1001] is sending a PIECE message for piece [39] to Peer [1003]
2020/12/12 22:34:08: Peer [1001] is sending a PIECE message for piece [36] to Peer [1005]
2020/12/12 22:34:08: Peer [1001] is sending a PIECE message for piece [43] to Peer [1004]
2020/12/12 22:34:08: Peer [1001] is sending a PIECE message for piece [40] to Peer [1003]
2020/12/12 22:34:09: Peer [1001] is sending a PIECE message for piece [44] to Peer [1004]
2020/12/12 22:34:09: Peer [1001] is sending a PIECE message for piece [37] to Peer [1005]
2020/12/12 22:34:09: Peer [1001] is sending a PIECE message for piece [41] to Peer [1003]
2020/12/12 22:34:09: Peer [1001] is sending a PIECE message for piece [38] to Peer [1005]
2020/12/12 22:34:09: Peer [1001] is sending a PIECE message for piece [45] to Peer [1004]
2020/12/12 22:34:09: Peer [1001] is sending a PIECE message for piece [42] to Peer [1003]
2020/12/12 22:34:10: Peer [1001] is sending a PIECE message for piece [46] to Peer [1004]
2020/12/12 22:34:10: Peer [1001] is sending a PIECE message for piece [39] to Peer [1005]
2020/12/12 22:34:10: Peer [1001] is sending a PIECE message for piece [43] to Peer [1003]
2020/12/12 22:34:10: Peer [1001] is sending a PIECE message for piece [47] to Peer [1004]
2020/12/12 22:34:10: Peer [1001] is sending a PIECE message for piece [40] to Peer [1005]
2020/12/12 22:34:10: Peer [1001] has selected the preferred neighbors [1005, 1004, 1003, ]
2020/12/12 22:34:11: Peer [1001] is sending a PIECE message for piece [44] to Peer [1003]
2020/12/12 22:34:11: Peer [1001] is sending a PIECE message for piece [48] to Peer [1004]
2020/12/12 22:34:11: Peer [1001] is sending a PIECE message for piece [41] to Peer [1005]
2020/12/12 22:34:11: Peer [1001] is sending a PIECE message for piece [45] to Peer [1003]
2020/12/12 22:34:11: Peer [1001] is sending a PIECE message for piece [49] to Peer [1004]
2020/12/12 22:34:11: Peer [1001] is sending a PIECE message for piece [42] to Peer [1005]
2020/12/12 22:34:12: Peer [1001] is sending a PIECE message for piece [43] to Peer [1005]
2020/12/12 22:34:12: Peer [1001] is sending a PIECE message for piece [46] to Peer [1003]
2020/12/12 22:34:12: Peer [1001] is sending a PIECE message for piece [50] to Peer [1004]
2020/12/12 22:34:12: Peer [1001] is sending a PIECE message for piece [44] to Peer [1005]
2020/12/12 22:34:12: Peer [1001] is sending a PIECE message for piece [47] to Peer [1003]
2020/12/12 22:34:12: Peer [1001] is sending a PIECE message for piece [51] to Peer [1004]
2020/12/12 22:34:13: Peer [1001] is sending a PIECE message for piece [45] to Peer [1005]
2020/12/12 22:34:13: Peer [1001] is sending a PIECE message for piece [48] to Peer [1003]
2020/12/12 22:34:13: Peer [1001] is sending a PIECE message for piece [52] to Peer [1004]
2020/12/12 22:34:13: Peer [1001] is sending a PIECE message for piece [46] to Peer [1005]
2020/12/12 22:34:13: Peer [1001] is sending a PIECE message for piece [49] to Peer [1003]
2020/12/12 22:34:13: Peer [1001] is sending a PIECE message for piece [53] to Peer [1004]
2020/12/12 22:34:14: Peer [1001] is sending a PIECE message for piece [47] to Peer [1005]
2020/12/12 22:34:14: Peer [1001] is sending a PIECE message for piece [50] to Peer [1003]
2020/12/12 22:34:14: Peer [1001] is sending a PIECE message for piece [54] to Peer [1004]
2020/12/12 22:34:14: Peer [1001] is sending a PIECE message for piece [48] to Peer [1005]
2020/12/12 22:34:14: Peer [1001] is sending a PIECE message for piece [51] to Peer [1003]
2020/12/12 22:34:14: Peer [1001] is sending a PIECE message for piece [55] to Peer [1004]
2020/12/12 22:34:15: Peer [1001] is sending a PIECE message for piece [49] to Peer [1005]
2020/12/12 22:34:15: Peer [1001] is sending a PIECE message for piece [52] to Peer [1003]
2020/12/12 22:34:15: Peer [1001] is sending a PIECE message for piece [56] to Peer [1004]
2020/12/12 22:34:15: Peer [1001] has the optimistically unchoked neighbor [1002]
2020/12/12 22:34:15: Peer [1001] is sending 'unchoke' message to Peer [1002]
2020/12/12 22:34:15: Peer [1001] has selected the preferred neighbors [1005, 1004, 1003, ]
2020/12/12 22:34:15: Peer [1001] is sending 'have' message to Peer [1002]
2020/12/12 22:34:15: Peer [1001] is sending a PIECE message for piece [50] to Peer [1005]
2020/12/12 22:34:15: Peer [1001] is sending a PIECE message for piece [53] to Peer [1003]
2020/12/12 22:34:15: Peer [1001] is sending a PIECE message for piece [57] to Peer [1004]
2020/12/12 22:34:16: Peer [1001] received the 'interested' message from Peer [1002]
2020/12/12 22:34:16: Peer [1001] is sending 'unchoke' message to Peer [1002]
2020/12/12 22:34:16: Peer [1001] is sending a PIECE message for piece [51] to Peer [1005]
2020/12/12 22:34:16: Peer [1001] is sending a PIECE message for piece [54] to Peer [1003]
2020/12/12 22:34:16: Peer [1001] is sending a PIECE message for piece [58] to Peer [1004]
2020/12/12 22:34:16: Peer [1001] is sending a PIECE message for piece [23] to Peer [1002]
2020/12/12 22:34:16: Peer [1001] is sending a PIECE message for piece [52] to Peer [1005]
2020/12/12 22:34:16: Peer [1001] is sending a PIECE message for piece [55] to Peer [1003]
2020/12/12 22:34:16: Peer [1001] is sending a PIECE message for piece [59] to Peer [1004]
2020/12/12 22:34:17: Peer [1001] is sending a PIECE message for piece [24] to Peer [1002]
2020/12/12 22:34:17: Peer [1001] is sending a PIECE message for piece [56] to Peer [1003]
2020/12/12 22:34:17: Peer [1001] is sending a PIECE message for piece [53] to Peer [1005]
2020/12/12 22:34:17: Peer [1001] is sending a PIECE message for piece [60] to Peer [1004]
2020/12/12 22:34:17: Peer [1001] is sending a PIECE message for piece [25] to Peer [1002]
2020/12/12 22:34:17: Peer [1001] is sending a PIECE message for piece [57] to Peer [1003]
2020/12/12 22:34:17: Peer [1001] is sending a PIECE message for piece [54] to Peer [1005]
2020/12/12 22:34:17: Peer [1001] is sending a PIECE message for piece [61] to Peer [1004]
2020/12/12 22:34:18: Peer [1001] is sending a PIECE message for piece [26] to Peer [1002]
2020/12/12 22:34:18: Peer [1001] is sending a PIECE message for piece [58] to Peer [1003]
2020/12/12 22:34:18: Peer [1001] is sending a PIECE message for piece [55] to Peer [1005]
2020/12/12 22:34:18: Peer [1001] is sending a PIECE message for piece [62] to Peer [1004]
2020/12/12 22:34:19: Peer [1001] is sending a PIECE message for piece [27] to Peer [1002]
2020/12/12 22:34:19: Peer [1001] is sending a PIECE message for piece [59] to Peer [1003]
2020/12/12 22:34:19: Peer [1001] is sending a PIECE message for piece [56] to Peer [1005]
2020/12/12 22:34:19: Peer [1001] is sending a PIECE message for piece [63] to Peer [1004]
2020/12/12 22:34:19: Peer [1001] is sending a PIECE message for piece [60] to Peer [1003]
2020/12/12 22:34:19: Peer [1001] is sending a PIECE message for piece [28] to Peer [1002]
2020/12/12 22:34:19: Peer [1001] is sending a PIECE message for piece [64] to Peer [1004]
2020/12/12 22:34:19: Peer [1001] is sending a PIECE message for piece [57] to Peer [1005]
2020/12/12 22:34:20: Peer [1001] is sending a PIECE message for piece [61] to Peer [1003]
2020/12/12 22:34:20: Peer [1001] is sending a PIECE message for piece [29] to Peer [1002]
2020/12/12 22:34:20: Peer [1001] is sending a PIECE message for piece [65] to Peer [1004]
2020/12/12 22:34:20: Peer [1001] is sending a PIECE message for piece [58] to Peer [1005]
2020/12/12 22:34:20: Peer [1001] is sending a PIECE message for piece [59] to Peer [1005]
2020/12/12 22:34:20: Peer [1001] is sending a PIECE message for piece [62] to Peer [1003]
2020/12/12 22:34:20: Peer [1001] is sending a PIECE message for piece [30] to Peer [1002]
2020/12/12 22:34:20: Peer [1001] is sending a PIECE message for piece [66] to Peer [1004]
2020/12/12 22:34:20: Peer [1001] has selected the preferred neighbors [1005, 1004, 1003, ]
2020/12/12 22:34:21: Peer [1001] is sending a PIECE message for piece [60] to Peer [1005]
2020/12/12 22:34:21: Peer [1001] is sending a PIECE message for piece [63] to Peer [1003]
2020/12/12 22:34:21: Peer [1001] is sending a PIECE message for piece [31] to Peer [1002]
2020/12/12 22:34:21: Peer [1001] is sending a PIECE message for piece [67] to Peer [1004]
2020/12/12 22:34:21: Peer [1001] is sending a PIECE message for piece [61] to Peer [1005]
2020/12/12 22:34:21: Peer [1001] is sending a PIECE message for piece [64] to Peer [1003]
2020/12/12 22:34:21: Peer [1001] is sending a PIECE message for piece [32] to Peer [1002]
2020/12/12 22:34:21: Peer [1001] is sending a PIECE message for piece [68] to Peer [1004]
2020/12/12 22:34:22: Peer [1001] is sending a PIECE message for piece [62] to Peer [1005]
2020/12/12 22:34:22: Peer [1001] is sending a PIECE message for piece [65] to Peer [1003]
2020/12/12 22:34:22: Peer [1001] is sending a PIECE message for piece [33] to Peer [1002]
2020/12/12 22:34:22: Peer [1001] is sending a PIECE message for piece [69] to Peer [1004]
2020/12/12 22:34:22: Peer [1001] is sending a PIECE message for piece [66] to Peer [1003]
2020/12/12 22:34:22: Peer [1001] is sending a PIECE message for piece [63] to Peer [1005]
2020/12/12 22:34:22: Peer [1001] is sending a PIECE message for piece [34] to Peer [1002]
2020/12/12 22:34:22: Peer [1001] is sending a PIECE message for piece [70] to Peer [1004]
2020/12/12 22:34:23: Peer [1001] is sending a PIECE message for piece [67] to Peer [1003]
2020/12/12 22:34:23: Peer [1001] is sending a PIECE message for piece [64] to Peer [1005]
2020/12/12 22:34:23: Peer [1001] is sending a PIECE message for piece [35] to Peer [1002]
2020/12/12 22:34:23: Peer [1001] is sending a PIECE message for piece [71] to Peer [1004]
2020/12/12 22:34:23: Peer [1001] is sending a PIECE message for piece [68] to Peer [1003]
2020/12/12 22:34:23: Peer [1001] is sending a PIECE message for piece [65] to Peer [1005]
2020/12/12 22:34:23: Peer [1001] is sending a PIECE message for piece [36] to Peer [1002]
2020/12/12 22:34:23: Peer [1001] is sending a PIECE message for piece [72] to Peer [1004]
2020/12/12 22:34:24: Peer [1001] is sending a PIECE message for piece [69] to Peer [1003]
2020/12/12 22:34:24: Peer [1001] is sending a PIECE message for piece [37] to Peer [1002]
2020/12/12 22:34:24: Peer [1001] is sending a PIECE message for piece [66] to Peer [1005]
2020/12/12 22:34:24: Peer [1001] is sending a PIECE message for piece [73] to Peer [1004]
2020/12/12 22:34:24: Peer [1001] is sending a PIECE message for piece [70] to Peer [1003]
2020/12/12 22:34:24: Peer [1001] is sending a PIECE message for piece [38] to Peer [1002]
2020/12/12 22:34:24: Peer [1001] is sending a PIECE message for piece [74] to Peer [1004]
2020/12/12 22:34:24: Peer [1001] is sending a PIECE message for piece [67] to Peer [1005]
2020/12/12 22:34:25: Peer [1001] is sending a PIECE message for piece [71] to Peer [1003]
2020/12/12 22:34:25: Peer [1001] is sending a PIECE message for piece [75] to Peer [1004]
2020/12/12 22:34:25: Peer [1001] is sending a PIECE message for piece [39] to Peer [1002]
2020/12/12 22:34:25: Peer [1001] is sending a PIECE message for piece [68] to Peer [1005]
2020/12/12 22:34:25: Peer [1001] is sending a PIECE message for piece [69] to Peer [1005]
2020/12/12 22:34:25: Peer [1001] is sending a PIECE message for piece [72] to Peer [1003]
2020/12/12 22:34:25: Peer [1001] is sending a PIECE message for piece [76] to Peer [1004]
2020/12/12 22:34:25: Peer [1001] is sending a PIECE message for piece [40] to Peer [1002]
2020/12/12 22:34:25: Peer [1001] has selected the preferred neighbors [1005, 1004, 1003, ]
2020/12/12 22:34:26: Peer [1001] is sending a PIECE message for piece [73] to Peer [1003]
2020/12/12 22:34:26: Peer [1001] is sending a PIECE message for piece [70] to Peer [1005]
2020/12/12 22:34:26: Peer [1001] is sending a PIECE message for piece [77] to Peer [1004]
2020/12/12 22:34:26: Peer [1001] is sending a PIECE message for piece [41] to Peer [1002]
2020/12/12 22:34:26: Peer [1001] is sending 'choke' message to Peer [1002]
2020/12/12 22:34:26: Peer [1001] is sending a PIECE message for piece [74] to Peer [1003]
2020/12/12 22:34:26: Peer [1001] is sending a PIECE message for piece [71] to Peer [1005]
2020/12/12 22:34:26: Peer [1001] is sending a PIECE message for piece [78] to Peer [1004]
2020/12/12 22:34:27: Peer [1001] is sending a PIECE message for piece [75] to Peer [1003]
2020/12/12 22:34:27: Peer [1001] is sending a PIECE message for piece [72] to Peer [1005]
2020/12/12 22:34:27: Peer [1001] is sending a PIECE message for piece [79] to Peer [1004]
2020/12/12 22:34:27: Peer [1001] is sending a PIECE message for piece [76] to Peer [1003]
2020/12/12 22:34:27: Peer [1001] is sending a PIECE message for piece [73] to Peer [1005]
2020/12/12 22:34:27: Peer [1001] is sending a PIECE message for piece [80] to Peer [1004]
2020/12/12 22:34:28: Peer [1001] is sending a PIECE message for piece [77] to Peer [1003]
2020/12/12 22:34:28: Peer [1001] is sending a PIECE message for piece [81] to Peer [1004]
2020/12/12 22:34:28: Peer [1001] is sending a PIECE message for piece [74] to Peer [1005]
2020/12/12 22:34:28: Peer [1001] is sending a PIECE message for piece [75] to Peer [1005]
2020/12/12 22:34:28: Peer [1001] is sending a PIECE message for piece [78] to Peer [1003]
2020/12/12 22:34:28: Peer [1001] is sending a PIECE message for piece [82] to Peer [1004]
2020/12/12 22:34:29: Peer [1001] is sending a PIECE message for piece [76] to Peer [1005]
2020/12/12 22:34:29: Peer [1001] is sending a PIECE message for piece [79] to Peer [1003]
2020/12/12 22:34:29: Peer [1001] is sending a PIECE message for piece [83] to Peer [1004]
2020/12/12 22:34:29: Peer [1001] is sending a PIECE message for piece [77] to Peer [1005]
2020/12/12 22:34:29: Peer [1001] is sending a PIECE message for piece [80] to Peer [1003]
2020/12/12 22:34:29: Peer [1001] is sending a PIECE message for piece [84] to Peer [1004]
2020/12/12 22:34:30: Peer [1001] is sending a PIECE message for piece [78] to Peer [1005]
2020/12/12 22:34:30: Peer [1001] is sending a PIECE message for piece [81] to Peer [1003]
2020/12/12 22:34:30: Peer [1001] is sending a PIECE message for piece [85] to Peer [1004]
2020/12/12 22:34:30: Peer [1001] is sending a PIECE message for piece [79] to Peer [1005]
2020/12/12 22:34:30: Peer [1001] is sending a PIECE message for piece [82] to Peer [1003]
2020/12/12 22:34:30: Peer [1001] is sending a PIECE message for piece [86] to Peer [1004]
2020/12/12 22:34:30: Peer [1001] has selected the preferred neighbors [1005, 1004, 1003, ]
2020/12/12 22:34:31: Peer [1001] is sending a PIECE message for piece [80] to Peer [1005]
2020/12/12 22:34:31: Peer [1001] is sending a PIECE message for piece [83] to Peer [1003]
2020/12/12 22:34:31: Peer [1001] is sending a PIECE message for piece [87] to Peer [1004]
2020/12/12 22:34:31: Peer [1001] is sending a PIECE message for piece [81] to Peer [1005]
2020/12/12 22:34:31: Peer [1001] is sending a PIECE message for piece [84] to Peer [1003]
2020/12/12 22:34:31: Peer [1001] is sending a PIECE message for piece [88] to Peer [1004]
2020/12/12 22:34:32: Peer [1001] is sending a PIECE message for piece [82] to Peer [1005]
2020/12/12 22:34:32: Peer [1001] is sending a PIECE message for piece [85] to Peer [1003]
2020/12/12 22:34:32: Peer [1001] is sending a PIECE message for piece [89] to Peer [1004]
2020/12/12 22:34:32: Peer [1001] is sending a PIECE message for piece [83] to Peer [1005]
2020/12/12 22:34:32: Peer [1001] is sending a PIECE message for piece [86] to Peer [1003]
2020/12/12 22:34:32: Peer [1001] is sending a PIECE message for piece [90] to Peer [1004]
2020/12/12 22:34:33: Peer [1001] is sending a PIECE message for piece [84] to Peer [1005]
2020/12/12 22:34:33: Peer [1001] is sending a PIECE message for piece [87] to Peer [1003]
2020/12/12 22:34:33: Peer [1001] is sending a PIECE message for piece [91] to Peer [1004]
2020/12/12 22:34:33: Peer [1001] is sending a PIECE message for piece [85] to Peer [1005]
2020/12/12 22:34:33: Peer [1001] is sending a PIECE message for piece [88] to Peer [1003]
2020/12/12 22:34:34: Peer [1001] is sending a PIECE message for piece [92] to Peer [1004]
2020/12/12 22:34:34: Peer [1001] is sending a PIECE message for piece [86] to Peer [1005]
2020/12/12 22:34:34: Peer [1001] is sending a PIECE message for piece [89] to Peer [1003]
2020/12/12 22:34:34: Peer [1001] is sending a PIECE message for piece [93] to Peer [1004]
2020/12/12 22:34:34: Peer [1001] is sending a PIECE message for piece [87] to Peer [1005]
2020/12/12 22:34:34: Peer [1001] is sending a PIECE message for piece [90] to Peer [1003]
2020/12/12 22:34:35: Peer [1001] is sending a PIECE message for piece [94] to Peer [1004]
2020/12/12 22:34:35: Peer [1001] is sending a PIECE message for piece [88] to Peer [1005]
2020/12/12 22:34:35: Peer [1001] is sending a PIECE message for piece [91] to Peer [1003]
2020/12/12 22:34:35: Peer [1001] is sending a PIECE message for piece [95] to Peer [1004]
2020/12/12 22:34:35: Peer [1001] is sending a PIECE message for piece [89] to Peer [1005]
2020/12/12 22:34:35: Peer [1001] is sending a PIECE message for piece [92] to Peer [1003]
2020/12/12 22:34:35: Peer [1001] has the optimistically unchoked neighbor [1002]
2020/12/12 22:34:35: Peer [1001] is sending 'unchoke' message to Peer [1002]
2020/12/12 22:34:35: Peer [1001] is sending 'have' message to Peer [1002]
2020/12/12 22:34:35: Peer [1001] has selected the preferred neighbors [1005, 1004, 1003, ]
2020/12/12 22:34:36: Peer [1001] is sending a PIECE message for piece [96] to Peer [1004]
2020/12/12 22:34:36: Peer [1001] is sending a PIECE message for piece [90] to Peer [1005]
2020/12/12 22:34:36: Peer [1001] is sending a PIECE message for piece [93] to Peer [1003]
2020/12/12 22:34:36: Peer [1001] received the 'interested' message from Peer [1002]
2020/12/12 22:34:36: Peer [1001] is sending 'unchoke' message to Peer [1002]
2020/12/12 22:34:36: Peer [1001] is sending a PIECE message for piece [97] to Peer [1004]
2020/12/12 22:34:36: Peer [1001] is sending a PIECE message for piece [91] to Peer [1005]
2020/12/12 22:34:36: Peer [1001] is sending a PIECE message for piece [94] to Peer [1003]
2020/12/12 22:34:37: Peer [1001] is sending a PIECE message for piece [41] to Peer [1002]
2020/12/12 22:34:37: Peer [1001] is sending a PIECE message for piece [98] to Peer [1004]
2020/12/12 22:34:37: Peer [1001] is sending a PIECE message for piece [92] to Peer [1005]
2020/12/12 22:34:37: Peer [1001] is sending a PIECE message for piece [95] to Peer [1003]
2020/12/12 22:34:37: Peer [1001] is sending a PIECE message for piece [42] to Peer [1002]
2020/12/12 22:34:37: Peer [1001] is sending a PIECE message for piece [99] to Peer [1004]
2020/12/12 22:34:37: Peer [1001] is sending a PIECE message for piece [96] to Peer [1003]
2020/12/12 22:34:37: Peer [1001] is sending a PIECE message for piece [93] to Peer [1005]
2020/12/12 22:34:38: Peer [1001] is sending a PIECE message for piece [43] to Peer [1002]
2020/12/12 22:34:38: Peer [1001] is sending a PIECE message for piece [100] to Peer [1004]
2020/12/12 22:34:38: Peer [1001] is sending a PIECE message for piece [97] to Peer [1003]
2020/12/12 22:34:38: Peer [1001] is sending a PIECE message for piece [94] to Peer [1005]
2020/12/12 22:34:38: Peer [1001] is sending a PIECE message for piece [95] to Peer [1005]
2020/12/12 22:34:38: Peer [1001] is sending a PIECE message for piece [44] to Peer [1002]
2020/12/12 22:34:38: Peer [1001] is sending a PIECE message for piece [101] to Peer [1004]
2020/12/12 22:34:38: Peer [1001] is sending a PIECE message for piece [98] to Peer [1003]
2020/12/12 22:34:39: Peer [1001] is sending a PIECE message for piece [45] to Peer [1002]
2020/12/12 22:34:39: Peer [1001] is sending a PIECE message for piece [96] to Peer [1005]
2020/12/12 22:34:39: Peer [1001] is sending a PIECE message for piece [102] to Peer [1004]
2020/12/12 22:34:39: Peer [1001] is sending a PIECE message for piece [99] to Peer [1003]
2020/12/12 22:34:39: Peer [1001] is sending a PIECE message for piece [46] to Peer [1002]
2020/12/12 22:34:39: Peer [1001] is sending a PIECE message for piece [103] to Peer [1004]
2020/12/12 22:34:39: Peer [1001] is sending a PIECE message for piece [97] to Peer [1005]
2020/12/12 22:34:39: Peer [1001] is sending a PIECE message for piece [100] to Peer [1003]
2020/12/12 22:34:40: Peer [1001] is sending a PIECE message for piece [47] to Peer [1002]
2020/12/12 22:34:40: Peer [1001] is sending a PIECE message for piece [104] to Peer [1004]
2020/12/12 22:34:40: Peer [1001] is sending a PIECE message for piece [98] to Peer [1005]
2020/12/12 22:34:40: Peer [1001] is sending a PIECE message for piece [101] to Peer [1003]
2020/12/12 22:34:40: Peer [1001] is sending a PIECE message for piece [48] to Peer [1002]
2020/12/12 22:34:40: Peer [1001] is sending a PIECE message for piece [105] to Peer [1004]
2020/12/12 22:34:40: Peer [1001] is sending a PIECE message for piece [99] to Peer [1005]
2020/12/12 22:34:40: Peer [1001] is sending a PIECE message for piece [102] to Peer [1003]
2020/12/12 22:34:40: Peer [1001] has selected the preferred neighbors [1005, 1004, 1003, ]
2020/12/12 22:34:41: Peer [1001] is sending a PIECE message for piece [49] to Peer [1002]
2020/12/12 22:34:41: Peer [1001] is sending a PIECE message for piece [106] to Peer [1004]
2020/12/12 22:34:41: Peer [1001] is sending a PIECE message for piece [100] to Peer [1005]
2020/12/12 22:34:41: Peer [1001] is sending a PIECE message for piece [103] to Peer [1003]
2020/12/12 22:34:41: Peer [1001] is sending a PIECE message for piece [50] to Peer [1002]
2020/12/12 22:34:41: Peer [1001] is sending a PIECE message for piece [107] to Peer [1004]
2020/12/12 22:34:41: Peer [1001] is sending a PIECE message for piece [101] to Peer [1005]
2020/12/12 22:34:41: Peer [1001] is sending a PIECE message for piece [104] to Peer [1003]
2020/12/12 22:34:42: Peer [1001] is sending a PIECE message for piece [51] to Peer [1002]
2020/12/12 22:34:42: Peer [1001] is sending a PIECE message for piece [108] to Peer [1004]
2020/12/12 22:34:42: Peer [1001] is sending a PIECE message for piece [105] to Peer [1003]
2020/12/12 22:34:42: Peer [1001] is sending a PIECE message for piece [102] to Peer [1005]
2020/12/12 22:34:42: Peer [1001] is sending a PIECE message for piece [103] to Peer [1005]
2020/12/12 22:34:42: Peer [1001] is sending a PIECE message for piece [52] to Peer [1002]
2020/12/12 22:34:42: Peer [1001] is sending a PIECE message for piece [109] to Peer [1004]
2020/12/12 22:34:42: Peer [1001] is sending a PIECE message for piece [106] to Peer [1003]
2020/12/12 22:34:43: Peer [1001] is sending a PIECE message for piece [104] to Peer [1005]
2020/12/12 22:34:43: Peer [1001] is sending a PIECE message for piece [53] to Peer [1002]
2020/12/12 22:34:43: Peer [1001] is sending a PIECE message for piece [110] to Peer [1004]
2020/12/12 22:34:43: Peer [1001] is sending a PIECE message for piece [107] to Peer [1003]
2020/12/12 22:34:43: Peer [1001] is sending a PIECE message for piece [105] to Peer [1005]
2020/12/12 22:34:43: Peer [1001] is sending a PIECE message for piece [54] to Peer [1002]
2020/12/12 22:34:43: Peer [1001] is sending a PIECE message for piece [111] to Peer [1004]
2020/12/12 22:34:43: Peer [1001] is sending a PIECE message for piece [108] to Peer [1003]
2020/12/12 22:34:44: Peer [1001] is sending a PIECE message for piece [106] to Peer [1005]
2020/12/12 22:34:44: Peer [1001] is sending a PIECE message for piece [55] to Peer [1002]
2020/12/12 22:34:44: Peer [1001] is sending a PIECE message for piece [112] to Peer [1004]
2020/12/12 22:34:44: Peer [1001] is sending a PIECE message for piece [109] to Peer [1003]
2020/12/12 22:34:44: Peer [1001] is sending a PIECE message for piece [56] to Peer [1002]
2020/12/12 22:34:44: Peer [1001] is sending a PIECE message for piece [107] to Peer [1005]
2020/12/12 22:34:44: Peer [1001] is sending a PIECE message for piece [113] to Peer [1004]
2020/12/12 22:34:44: Peer [1001] is sending a PIECE message for piece [110] to Peer [1003]
2020/12/12 22:34:45: Peer [1001] is sending a PIECE message for piece [57] to Peer [1002]
2020/12/12 22:34:45: Peer [1001] is sending a PIECE message for piece [108] to Peer [1005]
2020/12/12 22:34:45: Peer [1001] is sending a PIECE message for piece [114] to Peer [1004]
2020/12/12 22:34:45: Peer [1001] is sending a PIECE message for piece [111] to Peer [1003]
2020/12/12 22:34:45: Peer [1001] is sending a PIECE message for piece [115] to Peer [1004]
2020/12/12 22:34:45: Peer [1001] is sending a PIECE message for piece [58] to Peer [1002]
2020/12/12 22:34:45: Peer [1001] is sending a PIECE message for piece [109] to Peer [1005]
2020/12/12 22:34:45: Peer [1001] is sending a PIECE message for piece [112] to Peer [1003]
2020/12/12 22:34:45: Peer [1001] has selected the preferred neighbors [1005, 1004, 1003, ]
2020/12/12 22:34:46: Peer [1001] is sending a PIECE message for piece [116] to Peer [1004]
2020/12/12 22:34:46: Peer [1001] is sending a PIECE message for piece [59] to Peer [1002]
2020/12/12 22:34:46: Peer [1001] is sending 'choke' message to Peer [1002]
2020/12/12 22:34:46: Peer [1001] is sending a PIECE message for piece [110] to Peer [1005]
2020/12/12 22:34:46: Peer [1001] is sending a PIECE message for piece [113] to Peer [1003]
2020/12/12 22:34:46: Peer [1001] is sending a PIECE message for piece [117] to Peer [1004]
2020/12/12 22:34:46: Peer [1001] is sending a PIECE message for piece [111] to Peer [1005]
2020/12/12 22:34:46: Peer [1001] is sending a PIECE message for piece [114] to Peer [1003]
2020/12/12 22:34:47: Peer [1001] is sending a PIECE message for piece [118] to Peer [1004]
2020/12/12 22:34:47: Peer [1001] is sending a PIECE message for piece [112] to Peer [1005]
2020/12/12 22:34:47: Peer [1001] is sending a PIECE message for piece [115] to Peer [1003]
2020/12/12 22:34:47: Peer [1001] is sending a PIECE message for piece [119] to Peer [1004]
2020/12/12 22:34:47: Peer [1001] is sending a PIECE message for piece [113] to Peer [1005]
2020/12/12 22:34:47: Peer [1001] is sending a PIECE message for piece [116] to Peer [1003]
2020/12/12 22:34:48: Peer [1001] is sending a PIECE message for piece [120] to Peer [1004]
2020/12/12 22:34:48: Peer [1001] is sending a PIECE message for piece [114] to Peer [1005]
2020/12/12 22:34:48: Peer [1001] is sending a PIECE message for piece [117] to Peer [1003]
2020/12/12 22:34:48: Peer [1001] is sending a PIECE message for piece [121] to Peer [1004]
2020/12/12 22:34:48: Peer [1001] is sending a PIECE message for piece [115] to Peer [1005]
2020/12/12 22:34:48: Peer [1001] is sending a PIECE message for piece [118] to Peer [1003]
2020/12/12 22:34:49: Peer [1001] is sending a PIECE message for piece [122] to Peer [1004]
2020/12/12 22:34:49: Peer [1001] is sending a PIECE message for piece [116] to Peer [1005]
2020/12/12 22:34:49: Peer [1001] is sending a PIECE message for piece [119] to Peer [1003]
2020/12/12 22:34:49: Peer [1001] is sending a PIECE message for piece [123] to Peer [1004]
2020/12/12 22:34:49: Peer [1001] is sending a PIECE message for piece [117] to Peer [1005]
2020/12/12 22:34:49: Peer [1001] is sending a PIECE message for piece [120] to Peer [1003]
2020/12/12 22:34:50: Peer [1001] is sending a PIECE message for piece [124] to Peer [1004]
2020/12/12 22:34:50: Peer [1001] is sending a PIECE message for piece [118] to Peer [1005]
2020/12/12 22:34:50: Peer [1001] is sending a PIECE message for piece [121] to Peer [1003]
2020/12/12 22:34:50: Peer [1001] is sending a PIECE message for piece [125] to Peer [1004]
2020/12/12 22:34:50: Peer [1001] is sending a PIECE message for piece [119] to Peer [1005]
2020/12/12 22:34:50: Peer [1001] is sending a PIECE message for piece [122] to Peer [1003]
2020/12/12 22:34:50: Peer [1001] has selected the preferred neighbors [1005, 1004, 1003, ]
2020/12/12 22:34:51: Peer [1001] is sending a PIECE message for piece [126] to Peer [1004]
2020/12/12 22:34:51: Peer [1001] is sending a PIECE message for piece [120] to Peer [1005]
2020/12/12 22:34:51: Peer [1001] is sending a PIECE message for piece [123] to Peer [1003]
2020/12/12 22:34:51: Peer [1001] is sending a PIECE message for piece [127] to Peer [1004]
2020/12/12 22:34:51: Peer [1001] is sending a PIECE message for piece [121] to Peer [1005]
2020/12/12 22:34:51: Peer [1001] is sending a PIECE message for piece [124] to Peer [1003]
2020/12/12 22:34:52: Peer [1001] is sending a PIECE message for piece [128] to Peer [1004]
2020/12/12 22:34:52: Peer [1001] is sending a PIECE message for piece [122] to Peer [1005]
2020/12/12 22:34:52: Peer [1001] is sending a PIECE message for piece [125] to Peer [1003]
2020/12/12 22:34:52: Peer [1001] is sending a PIECE message for piece [129] to Peer [1004]
2020/12/12 22:34:52: Peer [1001] is sending a PIECE message for piece [123] to Peer [1005]
2020/12/12 22:34:52: Peer [1001] is sending a PIECE message for piece [126] to Peer [1003]
2020/12/12 22:34:53: Peer [1001] is sending a PIECE message for piece [130] to Peer [1004]
2020/12/12 22:34:53: Peer [1001] is sending a PIECE message for piece [124] to Peer [1005]
2020/12/12 22:34:53: Peer [1001] is sending a PIECE message for piece [127] to Peer [1003]
2020/12/12 22:34:53: Peer [1001] is sending a PIECE message for piece [131] to Peer [1004]
2020/12/12 22:34:53: Peer [1001] is sending a PIECE message for piece [128] to Peer [1003]
2020/12/12 22:34:53: Peer [1001] is sending a PIECE message for piece [125] to Peer [1005]
2020/12/12 22:34:54: Peer [1001] is sending a PIECE message for piece [132] to Peer [1004]
2020/12/12 22:34:54: Peer [1001] is sending a PIECE message for piece [129] to Peer [1003]
2020/12/12 22:34:54: Peer [1001] is sending a PIECE message for piece [126] to Peer [1005]
2020/12/12 22:34:54: Peer [1001] is sending a PIECE message for piece [130] to Peer [1003]
2020/12/12 22:34:55: Peer [1001] is sending a PIECE message for piece [127] to Peer [1005]
2020/12/12 22:34:55: Peer [1001] is sending a PIECE message for piece [131] to Peer [1003]
2020/12/12 22:34:55: Peer [1001] is sending a PIECE message for piece [128] to Peer [1005]
2020/12/12 22:34:55: Peer [1001] has the optimistically unchoked neighbor [1002]
2020/12/12 22:34:55: Peer [1001] is sending 'unchoke' message to Peer [1002]
2020/12/12 22:34:55: Peer [1001] is sending 'unchoke' message to Peer [1002]
2020/12/12 22:34:55: Peer [1001] is sending 'have' message to Peer [1002]
2020/12/12 22:34:55: Peer [1001] is sending 'have' message to Peer [1002]
2020/12/12 22:34:55: Peer [1001] has selected the preferred neighbors [1002, ]
2020/12/12 22:34:56: Peer [1001] is sending a PIECE message for piece [132] to Peer [1003]
2020/12/12 22:34:56: Peer [1001] is sending a PIECE message for piece [129] to Peer [1005]
2020/12/12 22:34:56: Peer [1001] received the 'interested' message from Peer [1002]
2020/12/12 22:34:56: Peer [1001] is sending 'unchoke' message to Peer [1002]
2020/12/12 22:34:56: Peer [1001] is sending a PIECE message for piece [130] to Peer [1005]
2020/12/12 22:34:57: Peer [1001] is sending a PIECE message for piece [131] to Peer [1005]
2020/12/12 22:34:57: Peer [1001] is sending a PIECE message for piece [59] to Peer [1002]
2020/12/12 22:34:57: Peer [1001] is sending a PIECE message for piece [132] to Peer [1005]
2020/12/12 22:34:57: Peer [1001] is sending a PIECE message for piece [60] to Peer [1002]
2020/12/12 22:34:58: Peer [1001] is sending a PIECE message for piece [61] to Peer [1002]
2020/12/12 22:34:58: Peer [1001] is sending a PIECE message for piece [62] to Peer [1002]
2020/12/12 22:34:59: Peer [1001] is sending a PIECE message for piece [63] to Peer [1002]
2020/12/12 22:34:59: Peer [1001] is sending a PIECE message for piece [64] to Peer [1002]
2020/12/12 22:35:00: Peer [1001] is sending a PIECE message for piece [65] to Peer [1002]
2020/12/12 22:35:00: Peer [1001] is sending a PIECE message for piece [66] to Peer [1002]
2020/12/12 22:35:01: Peer [1001] is sending a PIECE message for piece [67] to Peer [1002]
2020/12/12 22:35:01: Peer [1001] is sending a PIECE message for piece [68] to Peer [1002]
2020/12/12 22:35:02: Peer [1001] is sending a PIECE message for piece [69] to Peer [1002]
2020/12/12 22:35:02: Peer [1001] is sending a PIECE message for piece [70] to Peer [1002]
2020/12/12 22:35:03: Peer [1001] is sending a PIECE message for piece [71] to Peer [1002]
2020/12/12 22:35:03: Peer [1001] is sending a PIECE message for piece [72] to Peer [1002]
2020/12/12 22:35:04: Peer [1001] is sending a PIECE message for piece [73] to Peer [1002]
2020/12/12 22:35:04: Peer [1001] is sending a PIECE message for piece [74] to Peer [1002]
2020/12/12 22:35:05: Peer [1001] is sending a PIECE message for piece [75] to Peer [1002]
2020/12/12 22:35:05: Peer [1001] is sending a PIECE message for piece [76] to Peer [1002]
2020/12/12 22:35:06: Peer [1001] is sending a PIECE message for piece [77] to Peer [1002]
2020/12/12 22:35:06: Peer [1001] is sending a PIECE message for piece [78] to Peer [1002]
2020/12/12 22:35:07: Peer [1001] is sending a PIECE message for piece [79] to Peer [1002]
2020/12/12 22:35:07: Peer [1001] is sending a PIECE message for piece [80] to Peer [1002]
2020/12/12 22:35:08: Peer [1001] is sending a PIECE message for piece [81] to Peer [1002]
2020/12/12 22:35:08: Peer [1001] is sending a PIECE message for piece [82] to Peer [1002]
2020/12/12 22:35:09: Peer [1001] is sending a PIECE message for piece [83] to Peer [1002]
2020/12/12 22:35:09: Peer [1001] is sending a PIECE message for piece [84] to Peer [1002]
2020/12/12 22:35:10: Peer [1001] is sending a PIECE message for piece [85] to Peer [1002]
2020/12/12 22:35:10: Peer [1001] is sending a PIECE message for piece [86] to Peer [1002]
2020/12/12 22:35:11: Peer [1001] is sending a PIECE message for piece [87] to Peer [1002]
2020/12/12 22:35:11: Peer [1001] is sending a PIECE message for piece [88] to Peer [1002]
2020/12/12 22:35:12: Peer [1001] is sending a PIECE message for piece [89] to Peer [1002]
2020/12/12 22:35:12: Peer [1001] is sending a PIECE message for piece [90] to Peer [1002]
2020/12/12 22:35:13: Peer [1001] is sending a PIECE message for piece [91] to Peer [1002]
2020/12/12 22:35:13: Peer [1001] is sending a PIECE message for piece [92] to Peer [1002]
2020/12/12 22:35:14: Peer [1001] is sending a PIECE message for piece [93] to Peer [1002]
2020/12/12 22:35:14: Peer [1001] is sending a PIECE message for piece [94] to Peer [1002]
2020/12/12 22:35:15: Peer [1001] is sending a PIECE message for piece [95] to Peer [1002]
2020/12/12 22:35:15: Peer [1001] is sending a PIECE message for piece [96] to Peer [1002]
2020/12/12 22:35:16: Peer [1001] is sending a PIECE message for piece [97] to Peer [1002]
2020/12/12 22:35:16: Peer [1001] is sending a PIECE message for piece [98] to Peer [1002]
2020/12/12 22:35:17: Peer [1001] is sending a PIECE message for piece [99] to Peer [1002]
2020/12/12 22:35:17: Peer [1001] is sending a PIECE message for piece [100] to Peer [1002]
2020/12/12 22:35:18: Peer [1001] is sending a PIECE message for piece [101] to Peer [1002]
2020/12/12 22:35:18: Peer [1001] is sending a PIECE message for piece [102] to Peer [1002]
2020/12/12 22:35:19: Peer [1001] is sending a PIECE message for piece [103] to Peer [1002]
2020/12/12 22:35:19: Peer [1001] is sending a PIECE message for piece [104] to Peer [1002]
2020/12/12 22:35:20: Peer [1001] is sending a PIECE message for piece [105] to Peer [1002]
2020/12/12 22:35:20: Peer [1001] is sending a PIECE message for piece [106] to Peer [1002]
2020/12/12 22:35:21: Peer [1001] is sending a PIECE message for piece [107] to Peer [1002]
2020/12/12 22:35:21: Peer [1001] is sending a PIECE message for piece [108] to Peer [1002]
2020/12/12 22:35:22: Peer [1001] is sending a PIECE message for piece [109] to Peer [1002]
2020/12/12 22:35:22: Peer [1001] is sending a PIECE message for piece [110] to Peer [1002]
2020/12/12 22:35:23: Peer [1001] is sending a PIECE message for piece [111] to Peer [1002]
2020/12/12 22:35:23: Peer [1001] is sending a PIECE message for piece [112] to Peer [1002]
2020/12/12 22:35:24: Peer [1001] is sending a PIECE message for piece [113] to Peer [1002]
2020/12/12 22:35:24: Peer [1001] is sending a PIECE message for piece [114] to Peer [1002]
2020/12/12 22:35:25: Peer [1001] is sending a PIECE message for piece [115] to Peer [1002]
2020/12/12 22:35:25: Peer [1001] is sending a PIECE message for piece [116] to Peer [1002]
2020/12/12 22:35:26: Peer [1001] is sending a PIECE message for piece [117] to Peer [1002]
2020/12/12 22:35:26: Peer [1001] is sending a PIECE message for piece [118] to Peer [1002]
2020/12/12 22:35:27: Peer [1001] is sending a PIECE message for piece [119] to Peer [1002]
2020/12/12 22:35:27: Peer [1001] is sending a PIECE message for piece [120] to Peer [1002]
2020/12/12 22:35:28: Peer [1001] is sending a PIECE message for piece [121] to Peer [1002]
2020/12/12 22:35:28: Peer [1001] is sending a PIECE message for piece [122] to Peer [1002]
2020/12/12 22:35:29: Peer [1001] is sending a PIECE message for piece [123] to Peer [1002]
2020/12/12 22:35:29: Peer [1001] is sending a PIECE message for piece [124] to Peer [1002]
2020/12/12 22:35:30: Peer [1001] is sending a PIECE message for piece [125] to Peer [1002]
2020/12/12 22:35:30: Peer [1001] is sending a PIECE message for piece [126] to Peer [1002]
2020/12/12 22:35:31: Peer [1001] is sending a PIECE message for piece [127] to Peer [1002]
2020/12/12 22:35:31: Peer [1001] is sending a PIECE message for piece [128] to Peer [1002]
2020/12/12 22:35:32: Peer [1001] is sending a PIECE message for piece [129] to Peer [1002]
2020/12/12 22:35:32: Peer [1001] is sending a PIECE message for piece [130] to Peer [1002]
2020/12/12 22:35:33: Peer [1001] is sending a PIECE message for piece [131] to Peer [1002]
2020/12/12 22:35:33: Peer [1001] is sending a PIECE message for piece [132] to Peer [1002]
2020/12/12 22:35:35: Peer All peers have completed downloading the file.
2020/12/12 22:35:37: Peer [1001] Peer process is exiting
