2020/12/12 22:33:27: Peer [1004] is started
2020/12/12 22:33:46: Peer [1004] peer.RemotePeerHandler : [Connection refused (Connection refused)]
2020/12/12 22:33:46: Peer [1004] peer.RemotePeerHandler : [null]
2020/12/12 22:33:46: Peer [1004] peer.RemotePeerHandler : [Connection refused (Connection refused)]
2020/12/12 22:33:46: Peer [1004] peer.RemotePeerHandler : [null]
2020/12/12 22:33:46: Peer [1004] HANDSHAKE has been sent...
2020/12/12 22:33:46: Peer [1004] makes a connection to Peer [1001]
2020/12/12 22:33:46: Peer [1004] Received a HANDSHAKE message from Peer [1001]
2020/12/12 22:33:46: Peer [1004] is sending an 'interested' message to Peer [1001]
2020/12/12 22:33:47: Peer [1004] is UNCHOKED by Peer [1001]
2020/12/12 22:33:47: Peer [1004] has downloaded the piece [0] from Peer [1001]. Now the number of pieces  it has is [1]
2020/12/12 22:33:48: Peer [1004] has downloaded the piece [1] from Peer [1001]. Now the number of pieces  it has is [2]
2020/12/12 22:33:48: Peer [1004] has downloaded the piece [2] from Peer [1001]. Now the number of pieces  it has is [3]
2020/12/12 22:33:48: Peer [1004] Connection is established
2020/12/12 22:33:48: Peer [1004] makes a connection to Peer [1005]
2020/12/12 22:33:48: Peer [1004] Received a HANDSHAKE message from Peer [1005]
2020/12/12 22:33:48: Peer [1004] HANDSHAKE message has been sent successfully.
2020/12/12 22:33:49: Peer [1004] has downloaded the piece [3] from Peer [1001]. Now the number of pieces  it has is [4]
2020/12/12 22:33:49: Peer [1004] received the 'bitfield' message from Peer [1005]
2020/12/12 22:33:49: Peer [1004] is sending 'bitfield' message to Peer [1005]
2020/12/12 22:33:49: Peer [1004] received the 'interested' message from Peer [1005]
2020/12/12 22:33:49: Peer [1004] is sending 'unchoke' message to Peer [1005]
2020/12/12 22:33:49: Peer [1004] has downloaded the piece [4] from Peer [1001]. Now the number of pieces  it has is [5]
2020/12/12 22:33:49: Peer [1004] is sending 'have' message to Peer [1005]
2020/12/12 22:33:50: Peer [1004] has downloaded the piece [5] from Peer [1001]. Now the number of pieces  it has is [6]
2020/12/12 22:33:50: Peer [1004] is sending 'have' message to Peer [1005]
2020/12/12 22:33:50: Peer [1004] received the 'interested' message from Peer [1005]
2020/12/12 22:33:50: Peer [1004] is sending 'unchoke' message to Peer [1005]
2020/12/12 22:33:50: Peer [1004] is sending a PIECE message for piece [0] to Peer [1005]
2020/12/12 22:33:50: Peer [1004] has downloaded the piece [6] from Peer [1001]. Now the number of pieces  it has is [7]
2020/12/12 22:33:50: Peer [1004] is sending 'have' message to Peer [1005]
2020/12/12 22:33:51: Peer [1004] has downloaded the piece [7] from Peer [1001]. Now the number of pieces  it has is [8]
2020/12/12 22:33:51: Peer [1004] is sending 'have' message to Peer [1005]
2020/12/12 22:33:51: Peer [1004] received the 'interested' message from Peer [1005]
2020/12/12 22:33:51: Peer [1004] is sending 'unchoke' message to Peer [1005]
2020/12/12 22:33:51: Peer [1004] has downloaded the piece [8] from Peer [1001]. Now the number of pieces  it has is [9]
2020/12/12 22:33:51: Peer [1004] is sending 'have' message to Peer [1005]
2020/12/12 22:33:51: Peer [1004] received the 'interested' message from Peer [1005]
2020/12/12 22:33:51: Peer [1004] is sending 'unchoke' message to Peer [1005]
2020/12/12 22:33:51: Peer [1004] has downloaded the piece [9] from Peer [1001]. Now the number of pieces  it has is [10]
2020/12/12 22:33:51: Peer [1004] is sending 'have' message to Peer [1005]
2020/12/12 22:33:52: Peer [1004] received the 'interested' message from Peer [1005]
2020/12/12 22:33:52: Peer [1004] is sending 'unchoke' message to Peer [1005]
2020/12/12 22:33:52: Peer [1004] has downloaded the piece [10] from Peer [1001]. Now the number of pieces  it has is [11]
2020/12/12 22:33:52: Peer [1004] is sending 'have' message to Peer [1005]
2020/12/12 22:33:52: Peer [1004] has downloaded the piece [11] from Peer [1001]. Now the number of pieces  it has is [12]
2020/12/12 22:33:52: Peer [1004] is sending 'have' message to Peer [1005]
2020/12/12 22:33:52: Peer [1004] received the 'interested' message from Peer [1005]
2020/12/12 22:33:52: Peer [1004] is sending 'unchoke' message to Peer [1005]
2020/12/12 22:33:53: Peer [1004] is sending a PIECE message for piece [5] to Peer [1005]
2020/12/12 22:33:53: Peer [1004] has downloaded the piece [12] from Peer [1001]. Now the number of pieces  it has is [13]
2020/12/12 22:33:53: Peer [1004] is sending 'have' message to Peer [1005]
2020/12/12 22:33:53: Peer [1004] received the 'interested' message from Peer [1005]
2020/12/12 22:33:53: Peer [1004] is sending 'unchoke' message to Peer [1005]
2020/12/12 22:33:53: Peer [1004] has downloaded the piece [13] from Peer [1001]. Now the number of pieces  it has is [14]
2020/12/12 22:33:53: Peer [1004] is sending 'have' message to Peer [1005]
2020/12/12 22:33:54: Peer [1004] received the 'interested' message from Peer [1005]
2020/12/12 22:33:54: Peer [1004] is sending 'unchoke' message to Peer [1005]
2020/12/12 22:33:54: Peer [1004] has downloaded the piece [14] from Peer [1001]. Now the number of pieces  it has is [15]
2020/12/12 22:33:54: Peer [1004] is sending 'have' message to Peer [1005]
2020/12/12 22:33:54: Peer [1004] received the 'interested' message from Peer [1005]
2020/12/12 22:33:54: Peer [1004] is sending 'unchoke' message to Peer [1005]
2020/12/12 22:33:54: Peer [1004] has downloaded the piece [15] from Peer [1001]. Now the number of pieces  it has is [16]
2020/12/12 22:33:54: Peer [1004] is sending 'have' message to Peer [1005]
2020/12/12 22:33:55: Peer [1004] has downloaded the piece [16] from Peer [1001]. Now the number of pieces  it has is [17]
2020/12/12 22:33:55: Peer [1004] is sending 'have' message to Peer [1005]
2020/12/12 22:33:55: Peer [1004] received the 'interested' message from Peer [1005]
2020/12/12 22:33:55: Peer [1004] is sending 'unchoke' message to Peer [1005]
2020/12/12 22:33:55: Peer [1004] is sending a PIECE message for piece [10] to Peer [1005]
2020/12/12 22:33:55: Peer [1004] has downloaded the piece [17] from Peer [1001]. Now the number of pieces  it has is [18]
2020/12/12 22:33:55: Peer [1004] is sending 'have' message to Peer [1005]
2020/12/12 22:33:56: Peer [1004] received the 'interested' message from Peer [1005]
2020/12/12 22:33:56: Peer [1004] is sending 'unchoke' message to Peer [1005]
2020/12/12 22:33:56: Peer [1004] has downloaded the piece [18] from Peer [1001]. Now the number of pieces  it has is [19]
2020/12/12 22:33:56: Peer [1004] is sending 'have' message to Peer [1005]
2020/12/12 22:33:57: Peer [1004] received the 'interested' message from Peer [1005]
2020/12/12 22:33:57: Peer [1004] is sending 'unchoke' message to Peer [1005]
2020/12/12 22:33:57: Peer [1004] has downloaded the piece [19] from Peer [1001]. Now the number of pieces  it has is [20]
2020/12/12 22:33:57: Peer [1004] is sending 'have' message to Peer [1005]
2020/12/12 22:33:57: Peer [1004] received the 'interested' message from Peer [1005]
2020/12/12 22:33:57: Peer [1004] is sending 'unchoke' message to Peer [1005]
2020/12/12 22:33:57: Peer [1004] has downloaded the piece [20] from Peer [1001]. Now the number of pieces  it has is [21]
2020/12/12 22:33:57: Peer [1004] is sending 'have' message to Peer [1005]
2020/12/12 22:33:58: Peer [1004] has downloaded the piece [21] from Peer [1001]. Now the number of pieces  it has is [22]
2020/12/12 22:33:58: Peer [1004] is sending 'have' message to Peer [1005]
2020/12/12 22:33:58: Peer [1004] received the 'interested' message from Peer [1005]
2020/12/12 22:33:58: Peer [1004] is sending 'unchoke' message to Peer [1005]
2020/12/12 22:33:58: Peer [1004] is sending a PIECE message for piece [15] to Peer [1005]
2020/12/12 22:33:58: Peer [1004] has downloaded the piece [22] from Peer [1001]. Now the number of pieces  it has is [23]
2020/12/12 22:33:58: Peer [1004] is sending 'have' message to Peer [1005]
2020/12/12 22:33:59: Peer [1004] received the 'interested' message from Peer [1005]
2020/12/12 22:33:59: Peer [1004] is sending 'unchoke' message to Peer [1005]
2020/12/12 22:33:59: Peer [1004] has downloaded the piece [23] from Peer [1001]. Now the number of pieces  it has is [24]
2020/12/12 22:33:59: Peer [1004] is sending 'have' message to Peer [1005]
2020/12/12 22:33:59: Peer [1004] received the 'interested' message from Peer [1005]
2020/12/12 22:33:59: Peer [1004] is sending 'unchoke' message to Peer [1005]
2020/12/12 22:33:59: Peer [1004] has downloaded the piece [24] from Peer [1001]. Now the number of pieces  it has is [25]
2020/12/12 22:33:59: Peer [1004] is sending 'have' message to Peer [1005]
2020/12/12 22:34:00: Peer [1004] has downloaded the piece [25] from Peer [1001]. Now the number of pieces  it has is [26]
2020/12/12 22:34:00: Peer [1004] is sending 'have' message to Peer [1005]
2020/12/12 22:34:00: Peer [1004] received the 'interested' message from Peer [1005]
2020/12/12 22:34:00: Peer [1004] is sending 'unchoke' message to Peer [1005]
2020/12/12 22:34:00: Peer [1004] has downloaded the piece [26] from Peer [1001]. Now the number of pieces  it has is [27]
2020/12/12 22:34:00: Peer [1004] is sending 'have' message to Peer [1005]
2020/12/12 22:34:01: Peer [1004] received the 'interested' message from Peer [1005]
2020/12/12 22:34:01: Peer [1004] is sending 'unchoke' message to Peer [1005]
2020/12/12 22:34:01: Peer [1004] has downloaded the piece [27] from Peer [1001]. Now the number of pieces  it has is [28]
2020/12/12 22:34:01: Peer [1004] is sending 'have' message to Peer [1005]
2020/12/12 22:34:01: Peer [1004] received the 'interested' message from Peer [1005]
2020/12/12 22:34:01: Peer [1004] is sending 'unchoke' message to Peer [1005]
2020/12/12 22:34:01: Peer [1004] has downloaded the piece [28] from Peer [1001]. Now the number of pieces  it has is [29]
2020/12/12 22:34:01: Peer [1004] is sending 'have' message to Peer [1005]
2020/12/12 22:34:02: Peer [1004] received the 'interested' message from Peer [1005]
2020/12/12 22:34:02: Peer [1004] is sending 'unchoke' message to Peer [1005]
2020/12/12 22:34:02: Peer [1004] has downloaded the piece [29] from Peer [1001]. Now the number of pieces  it has is [30]
2020/12/12 22:34:02: Peer [1004] is sending 'have' message to Peer [1005]
2020/12/12 22:34:02: Peer [1004] received the 'interested' message from Peer [1005]
2020/12/12 22:34:02: Peer [1004] is sending 'unchoke' message to Peer [1005]
2020/12/12 22:34:02: Peer [1004] has downloaded the piece [30] from Peer [1001]. Now the number of pieces  it has is [31]
2020/12/12 22:34:02: Peer [1004] is sending 'have' message to Peer [1005]
2020/12/12 22:34:03: Peer [1004] has downloaded the piece [31] from Peer [1001]. Now the number of pieces  it has is [32]
2020/12/12 22:34:03: Peer [1004] is sending 'have' message to Peer [1005]
2020/12/12 22:34:03: Peer [1004] received the 'interested' message from Peer [1005]
2020/12/12 22:34:03: Peer [1004] is sending 'unchoke' message to Peer [1005]
2020/12/12 22:34:03: Peer [1004] has downloaded the piece [32] from Peer [1001]. Now the number of pieces  it has is [33]
2020/12/12 22:34:03: Peer [1004] is sending 'have' message to Peer [1005]
2020/12/12 22:34:04: Peer [1004] has downloaded the piece [33] from Peer [1001]. Now the number of pieces  it has is [34]
2020/12/12 22:34:04: Peer [1004] is sending 'have' message to Peer [1005]
2020/12/12 22:34:04: Peer [1004] received the 'interested' message from Peer [1005]
2020/12/12 22:34:04: Peer [1004] is sending 'unchoke' message to Peer [1005]
2020/12/12 22:34:04: Peer [1004] has downloaded the piece [34] from Peer [1001]. Now the number of pieces  it has is [35]
2020/12/12 22:34:04: Peer [1004] is sending 'have' message to Peer [1005]
2020/12/12 22:34:05: Peer [1004] has downloaded the piece [35] from Peer [1001]. Now the number of pieces  it has is [36]
2020/12/12 22:34:05: Peer [1004] is sending 'have' message to Peer [1005]
2020/12/12 22:34:05: Peer [1004] received the 'interested' message from Peer [1005]
2020/12/12 22:34:05: Peer [1004] is sending 'unchoke' message to Peer [1005]
2020/12/12 22:34:05: Peer [1004] is sending a PIECE message for piece [29] to Peer [1005]
2020/12/12 22:34:05: Peer [1004] has downloaded the piece [36] from Peer [1001]. Now the number of pieces  it has is [37]
2020/12/12 22:34:05: Peer [1004] is sending 'have' message to Peer [1005]
2020/12/12 22:34:06: Peer [1004] has downloaded the piece [37] from Peer [1001]. Now the number of pieces  it has is [38]
2020/12/12 22:34:06: Peer [1004] is sending 'have' message to Peer [1005]
2020/12/12 22:34:06: Peer [1004] received the 'interested' message from Peer [1005]
2020/12/12 22:34:06: Peer [1004] is sending 'unchoke' message to Peer [1005]
2020/12/12 22:34:06: Peer [1004] has downloaded the piece [38] from Peer [1001]. Now the number of pieces  it has is [39]
2020/12/12 22:34:06: Peer [1004] is sending 'have' message to Peer [1005]
2020/12/12 22:34:07: Peer [1004] has downloaded the piece [39] from Peer [1001]. Now the number of pieces  it has is [40]
2020/12/12 22:34:07: Peer [1004] is sending 'have' message to Peer [1005]
2020/12/12 22:34:07: Peer [1004] received the 'interested' message from Peer [1005]
2020/12/12 22:34:07: Peer [1004] is sending 'unchoke' message to Peer [1005]
2020/12/12 22:34:07: Peer [1004] has downloaded the piece [40] from Peer [1001]. Now the number of pieces  it has is [41]
2020/12/12 22:34:07: Peer [1004] is sending 'have' message to Peer [1005]
2020/12/12 22:34:08: Peer [1004] has downloaded the piece [41] from Peer [1001]. Now the number of pieces  it has is [42]
2020/12/12 22:34:08: Peer [1004] is sending 'have' message to Peer [1005]
2020/12/12 22:34:08: Peer [1004] received the 'interested' message from Peer [1005]
2020/12/12 22:34:08: Peer [1004] is sending 'unchoke' message to Peer [1005]
2020/12/12 22:34:08: Peer [1004] has downloaded the piece [42] from Peer [1001]. Now the number of pieces  it has is [43]
2020/12/12 22:34:09: Peer [1004] is sending 'have' message to Peer [1005]
2020/12/12 22:34:09: Peer [1004] has downloaded the piece [43] from Peer [1001]. Now the number of pieces  it has is [44]
2020/12/12 22:34:09: Peer [1004] is sending 'have' message to Peer [1005]
2020/12/12 22:34:09: Peer [1004] received the 'interested' message from Peer [1005]
2020/12/12 22:34:09: Peer [1004] is sending 'unchoke' message to Peer [1005]
2020/12/12 22:34:09: Peer [1004] has downloaded the piece [44] from Peer [1001]. Now the number of pieces  it has is [45]
2020/12/12 22:34:09: Peer [1004] is sending 'have' message to Peer [1005]
2020/12/12 22:34:10: Peer [1004] has downloaded the piece [45] from Peer [1001]. Now the number of pieces  it has is [46]
2020/12/12 22:34:10: Peer [1004] is sending 'have' message to Peer [1005]
2020/12/12 22:34:10: Peer [1004] received the 'interested' message from Peer [1005]
2020/12/12 22:34:10: Peer [1004] is sending 'unchoke' message to Peer [1005]
2020/12/12 22:34:10: Peer [1004] has downloaded the piece [46] from Peer [1001]. Now the number of pieces  it has is [47]
2020/12/12 22:34:10: Peer [1004] is sending 'have' message to Peer [1005]
2020/12/12 22:34:11: Peer [1004] received the 'interested' message from Peer [1005]
2020/12/12 22:34:11: Peer [1004] is sending 'unchoke' message to Peer [1005]
2020/12/12 22:34:11: Peer [1004] has downloaded the piece [47] from Peer [1001]. Now the number of pieces  it has is [48]
2020/12/12 22:34:11: Peer [1004] is sending 'have' message to Peer [1005]
2020/12/12 22:34:11: Peer [1004] received the 'interested' message from Peer [1005]
2020/12/12 22:34:11: Peer [1004] is sending 'unchoke' message to Peer [1005]
2020/12/12 22:34:11: Peer [1004] has downloaded the piece [48] from Peer [1001]. Now the number of pieces  it has is [49]
2020/12/12 22:34:11: Peer [1004] is sending 'have' message to Peer [1005]
2020/12/12 22:34:12: Peer [1004] received the 'interested' message from Peer [1005]
2020/12/12 22:34:12: Peer [1004] is sending 'unchoke' message to Peer [1005]
2020/12/12 22:34:12: Peer [1004] has downloaded the piece [49] from Peer [1001]. Now the number of pieces  it has is [50]
2020/12/12 22:34:12: Peer [1004] is sending 'have' message to Peer [1005]
2020/12/12 22:34:12: Peer [1004] received the 'interested' message from Peer [1005]
2020/12/12 22:34:12: Peer [1004] is sending 'unchoke' message to Peer [1005]
2020/12/12 22:34:12: Peer [1004] has downloaded the piece [50] from Peer [1001]. Now the number of pieces  it has is [51]
2020/12/12 22:34:12: Peer [1004] is sending 'have' message to Peer [1005]
2020/12/12 22:34:13: Peer [1004] has downloaded the piece [51] from Peer [1001]. Now the number of pieces  it has is [52]
2020/12/12 22:34:13: Peer [1004] is sending 'have' message to Peer [1005]
2020/12/12 22:34:13: Peer [1004] received the 'interested' message from Peer [1005]
2020/12/12 22:34:13: Peer [1004] is sending 'unchoke' message to Peer [1005]
2020/12/12 22:34:13: Peer [1004] has downloaded the piece [52] from Peer [1001]. Now the number of pieces  it has is [53]
2020/12/12 22:34:13: Peer [1004] is sending 'have' message to Peer [1005]
2020/12/12 22:34:14: Peer [1004] has downloaded the piece [53] from Peer [1001]. Now the number of pieces  it has is [54]
2020/12/12 22:34:14: Peer [1004] is sending 'have' message to Peer [1005]
2020/12/12 22:34:14: Peer [1004] received the 'interested' message from Peer [1005]
2020/12/12 22:34:14: Peer [1004] is sending 'unchoke' message to Peer [1005]
2020/12/12 22:34:14: Peer [1004] has downloaded the piece [54] from Peer [1001]. Now the number of pieces  it has is [55]
2020/12/12 22:34:14: Peer [1004] is sending 'have' message to Peer [1005]
2020/12/12 22:34:15: Peer [1004] has downloaded the piece [55] from Peer [1001]. Now the number of pieces  it has is [56]
2020/12/12 22:34:15: Peer [1004] is sending 'have' message to Peer [1005]
2020/12/12 22:34:15: Peer [1004] received the 'interested' message from Peer [1005]
2020/12/12 22:34:15: Peer [1004] is sending 'unchoke' message to Peer [1005]
2020/12/12 22:34:15: Peer [1004] has downloaded the piece [56] from Peer [1001]. Now the number of pieces  it has is [57]
2020/12/12 22:34:15: Peer [1004] is sending 'have' message to Peer [1005]
2020/12/12 22:34:16: Peer [1004] has downloaded the piece [57] from Peer [1001]. Now the number of pieces  it has is [58]
2020/12/12 22:34:16: Peer [1004] is sending 'have' message to Peer [1005]
2020/12/12 22:34:16: Peer [1004] received the 'interested' message from Peer [1005]
2020/12/12 22:34:16: Peer [1004] is sending 'unchoke' message to Peer [1005]
2020/12/12 22:34:16: Peer [1004] has downloaded the piece [58] from Peer [1001]. Now the number of pieces  it has is [59]
2020/12/12 22:34:16: Peer [1004] is sending 'have' message to Peer [1005]
2020/12/12 22:34:17: Peer [1004] has downloaded the piece [59] from Peer [1001]. Now the number of pieces  it has is [60]
2020/12/12 22:34:17: Peer [1004] is sending 'have' message to Peer [1005]
2020/12/12 22:34:17: Peer [1004] received the 'interested' message from Peer [1005]
2020/12/12 22:34:17: Peer [1004] is sending 'unchoke' message to Peer [1005]
2020/12/12 22:34:17: Peer [1004] has downloaded the piece [60] from Peer [1001]. Now the number of pieces  it has is [61]
2020/12/12 22:34:17: Peer [1004] is sending 'have' message to Peer [1005]
2020/12/12 22:34:18: Peer [1004] has downloaded the piece [61] from Peer [1001]. Now the number of pieces  it has is [62]
2020/12/12 22:34:18: Peer [1004] is sending 'have' message to Peer [1005]
2020/12/12 22:34:18: Peer [1004] received the 'interested' message from Peer [1005]
2020/12/12 22:34:18: Peer [1004] is sending 'unchoke' message to Peer [1005]
2020/12/12 22:34:18: Peer [1004] has downloaded the piece [62] from Peer [1001]. Now the number of pieces  it has is [63]
2020/12/12 22:34:18: Peer [1004] is sending 'have' message to Peer [1005]
2020/12/12 22:34:19: Peer [1004] received the 'interested' message from Peer [1005]
2020/12/12 22:34:19: Peer [1004] is sending 'unchoke' message to Peer [1005]
2020/12/12 22:34:19: Peer [1004] has downloaded the piece [63] from Peer [1001]. Now the number of pieces  it has is [64]
2020/12/12 22:34:19: Peer [1004] is sending 'have' message to Peer [1005]
2020/12/12 22:34:19: Peer [1004] received the 'interested' message from Peer [1005]
2020/12/12 22:34:19: Peer [1004] is sending 'unchoke' message to Peer [1005]
2020/12/12 22:34:19: Peer [1004] has downloaded the piece [64] from Peer [1001]. Now the number of pieces  it has is [65]
2020/12/12 22:34:19: Peer [1004] is sending 'have' message to Peer [1005]
2020/12/12 22:34:20: Peer [1004] has downloaded the piece [65] from Peer [1001]. Now the number of pieces  it has is [66]
2020/12/12 22:34:20: Peer [1004] is sending 'have' message to Peer [1005]
2020/12/12 22:34:20: Peer [1004] received the 'interested' message from Peer [1005]
2020/12/12 22:34:20: Peer [1004] is sending 'unchoke' message to Peer [1005]
2020/12/12 22:34:20: Peer [1004] has downloaded the piece [66] from Peer [1001]. Now the number of pieces  it has is [67]
2020/12/12 22:34:20: Peer [1004] is sending 'have' message to Peer [1005]
2020/12/12 22:34:21: Peer [1004] has downloaded the piece [67] from Peer [1001]. Now the number of pieces  it has is [68]
2020/12/12 22:34:21: Peer [1004] is sending 'have' message to Peer [1005]
2020/12/12 22:34:21: Peer [1004] received the 'interested' message from Peer [1005]
2020/12/12 22:34:21: Peer [1004] is sending 'unchoke' message to Peer [1005]
2020/12/12 22:34:21: Peer [1004] has downloaded the piece [68] from Peer [1001]. Now the number of pieces  it has is [69]
2020/12/12 22:34:21: Peer [1004] is sending 'have' message to Peer [1005]
2020/12/12 22:34:22: Peer [1004] has downloaded the piece [69] from Peer [1001]. Now the number of pieces  it has is [70]
2020/12/12 22:34:22: Peer [1004] is sending 'have' message to Peer [1005]
2020/12/12 22:34:22: Peer [1004] received the 'interested' message from Peer [1005]
2020/12/12 22:34:22: Peer [1004] is sending 'unchoke' message to Peer [1005]
2020/12/12 22:34:22: Peer [1004] has downloaded the piece [70] from Peer [1001]. Now the number of pieces  it has is [71]
2020/12/12 22:34:22: Peer [1004] is sending 'have' message to Peer [1005]
2020/12/12 22:34:23: Peer [1004] has downloaded the piece [71] from Peer [1001]. Now the number of pieces  it has is [72]
2020/12/12 22:34:23: Peer [1004] is sending 'have' message to Peer [1005]
2020/12/12 22:34:23: Peer [1004] received the 'interested' message from Peer [1005]
2020/12/12 22:34:23: Peer [1004] is sending 'unchoke' message to Peer [1005]
2020/12/12 22:34:23: Peer [1004] has downloaded the piece [72] from Peer [1001]. Now the number of pieces  it has is [73]
2020/12/12 22:34:23: Peer [1004] is sending 'have' message to Peer [1005]
2020/12/12 22:34:24: Peer [1004] received the 'interested' message from Peer [1005]
2020/12/12 22:34:24: Peer [1004] is sending 'unchoke' message to Peer [1005]
2020/12/12 22:34:24: Peer [1004] has downloaded the piece [73] from Peer [1001]. Now the number of pieces  it has is [74]
2020/12/12 22:34:24: Peer [1004] is sending 'have' message to Peer [1005]
2020/12/12 22:34:24: Peer [1004] received the 'interested' message from Peer [1005]
2020/12/12 22:34:24: Peer [1004] is sending 'unchoke' message to Peer [1005]
2020/12/12 22:34:24: Peer [1004] has downloaded the piece [74] from Peer [1001]. Now the number of pieces  it has is [75]
2020/12/12 22:34:24: Peer [1004] is sending 'have' message to Peer [1005]
2020/12/12 22:34:25: Peer [1004] has downloaded the piece [75] from Peer [1001]. Now the number of pieces  it has is [76]
2020/12/12 22:34:25: Peer [1004] is sending 'have' message to Peer [1005]
2020/12/12 22:34:25: Peer [1004] received the 'interested' message from Peer [1005]
2020/12/12 22:34:25: Peer [1004] is sending 'unchoke' message to Peer [1005]
2020/12/12 22:34:25: Peer [1004] has downloaded the piece [76] from Peer [1001]. Now the number of pieces  it has is [77]
2020/12/12 22:34:25: Peer [1004] is sending 'have' message to Peer [1005]
2020/12/12 22:34:26: Peer [1004] has downloaded the piece [77] from Peer [1001]. Now the number of pieces  it has is [78]
2020/12/12 22:34:26: Peer [1004] is sending 'have' message to Peer [1005]
2020/12/12 22:34:26: Peer [1004] received the 'interested' message from Peer [1005]
2020/12/12 22:34:26: Peer [1004] is sending 'unchoke' message to Peer [1005]
2020/12/12 22:34:26: Peer [1004] has downloaded the piece [78] from Peer [1001]. Now the number of pieces  it has is [79]
2020/12/12 22:34:26: Peer [1004] is sending 'have' message to Peer [1005]
2020/12/12 22:34:27: Peer [1004] has downloaded the piece [79] from Peer [1001]. Now the number of pieces  it has is [80]
2020/12/12 22:34:27: Peer [1004] is sending 'have' message to Peer [1005]
2020/12/12 22:34:27: Peer [1004] received the 'interested' message from Peer [1005]
2020/12/12 22:34:27: Peer [1004] is sending 'unchoke' message to Peer [1005]
2020/12/12 22:34:27: Peer [1004] is sending a PIECE message for piece [73] to Peer [1005]
2020/12/12 22:34:27: Peer [1004] has downloaded the piece [80] from Peer [1001]. Now the number of pieces  it has is [81]
2020/12/12 22:34:27: Peer [1004] is sending 'have' message to Peer [1005]
2020/12/12 22:34:28: Peer [1004] has downloaded the piece [81] from Peer [1001]. Now the number of pieces  it has is [82]
2020/12/12 22:34:28: Peer [1004] is sending 'have' message to Peer [1005]
2020/12/12 22:34:28: Peer [1004] received the 'interested' message from Peer [1005]
2020/12/12 22:34:28: Peer [1004] is sending 'unchoke' message to Peer [1005]
2020/12/12 22:34:28: Peer [1004] has downloaded the piece [82] from Peer [1001]. Now the number of pieces  it has is [83]
2020/12/12 22:34:28: Peer [1004] is sending 'have' message to Peer [1005]
2020/12/12 22:34:29: Peer [1004] has downloaded the piece [83] from Peer [1001]. Now the number of pieces  it has is [84]
2020/12/12 22:34:29: Peer [1004] is sending 'have' message to Peer [1005]
2020/12/12 22:34:29: Peer [1004] received the 'interested' message from Peer [1005]
2020/12/12 22:34:29: Peer [1004] is sending 'unchoke' message to Peer [1005]
2020/12/12 22:34:30: Peer [1004] has downloaded the piece [84] from Peer [1001]. Now the number of pieces  it has is [85]
2020/12/12 22:34:30: Peer [1004] is sending 'have' message to Peer [1005]
2020/12/12 22:34:30: Peer [1004] has downloaded the piece [85] from Peer [1001]. Now the number of pieces  it has is [86]
2020/12/12 22:34:30: Peer [1004] is sending 'have' message to Peer [1005]
2020/12/12 22:34:30: Peer [1004] received the 'interested' message from Peer [1005]
2020/12/12 22:34:30: Peer [1004] is sending 'unchoke' message to Peer [1005]
2020/12/12 22:34:31: Peer [1004] has downloaded the piece [86] from Peer [1001]. Now the number of pieces  it has is [87]
2020/12/12 22:34:31: Peer [1004] is sending 'have' message to Peer [1005]
2020/12/12 22:34:31: Peer [1004] has downloaded the piece [87] from Peer [1001]. Now the number of pieces  it has is [88]
2020/12/12 22:34:31: Peer [1004] is sending 'have' message to Peer [1005]
2020/12/12 22:34:31: Peer [1004] received the 'interested' message from Peer [1005]
2020/12/12 22:34:31: Peer [1004] is sending 'unchoke' message to Peer [1005]
2020/12/12 22:34:32: Peer [1004] has downloaded the piece [88] from Peer [1001]. Now the number of pieces  it has is [89]
2020/12/12 22:34:32: Peer [1004] is sending 'have' message to Peer [1005]
2020/12/12 22:34:32: Peer [1004] has downloaded the piece [89] from Peer [1001]. Now the number of pieces  it has is [90]
2020/12/12 22:34:32: Peer [1004] is sending 'have' message to Peer [1005]
2020/12/12 22:34:32: Peer [1004] received the 'interested' message from Peer [1005]
2020/12/12 22:34:32: Peer [1004] is sending 'unchoke' message to Peer [1005]
2020/12/12 22:34:33: Peer [1004] has downloaded the piece [90] from Peer [1001]. Now the number of pieces  it has is [91]
2020/12/12 22:34:33: Peer [1004] is sending 'have' message to Peer [1005]
2020/12/12 22:34:33: Peer [1004] received the 'interested' message from Peer [1005]
2020/12/12 22:34:33: Peer [1004] is sending 'unchoke' message to Peer [1005]
2020/12/12 22:34:33: Peer [1004] has downloaded the piece [91] from Peer [1001]. Now the number of pieces  it has is [92]
2020/12/12 22:34:33: Peer [1004] is sending 'have' message to Peer [1005]
2020/12/12 22:34:34: Peer [1004] received the 'interested' message from Peer [1005]
2020/12/12 22:34:34: Peer [1004] is sending 'unchoke' message to Peer [1005]
2020/12/12 22:34:34: Peer [1004] has downloaded the piece [92] from Peer [1001]. Now the number of pieces  it has is [93]
2020/12/12 22:34:34: Peer [1004] is sending 'have' message to Peer [1005]
2020/12/12 22:34:34: Peer [1004] received the 'interested' message from Peer [1005]
2020/12/12 22:34:34: Peer [1004] is sending 'unchoke' message to Peer [1005]
2020/12/12 22:34:34: Peer [1004] has downloaded the piece [93] from Peer [1001]. Now the number of pieces  it has is [94]
2020/12/12 22:34:34: Peer [1004] is sending 'have' message to Peer [1005]
2020/12/12 22:34:35: Peer [1004] received the 'interested' message from Peer [1005]
2020/12/12 22:34:35: Peer [1004] is sending 'unchoke' message to Peer [1005]
2020/12/12 22:34:35: Peer [1004] has downloaded the piece [94] from Peer [1001]. Now the number of pieces  it has is [95]
2020/12/12 22:34:35: Peer [1004] is sending 'have' message to Peer [1005]
2020/12/12 22:34:35: Peer [1004] received the 'interested' message from Peer [1005]
2020/12/12 22:34:35: Peer [1004] is sending 'unchoke' message to Peer [1005]
2020/12/12 22:34:35: Peer [1004] has downloaded the piece [95] from Peer [1001]. Now the number of pieces  it has is [96]
2020/12/12 22:34:35: Peer [1004] is sending 'have' message to Peer [1005]
2020/12/12 22:34:36: Peer [1004] received the 'interested' message from Peer [1005]
2020/12/12 22:34:36: Peer [1004] is sending 'unchoke' message to Peer [1005]
2020/12/12 22:34:36: Peer [1004] has downloaded the piece [96] from Peer [1001]. Now the number of pieces  it has is [97]
2020/12/12 22:34:36: Peer [1004] is sending 'have' message to Peer [1005]
2020/12/12 22:34:36: Peer [1004] received the 'interested' message from Peer [1005]
2020/12/12 22:34:36: Peer [1004] is sending 'unchoke' message to Peer [1005]
2020/12/12 22:34:36: Peer [1004] has downloaded the piece [97] from Peer [1001]. Now the number of pieces  it has is [98]
2020/12/12 22:34:36: Peer [1004] is sending 'have' message to Peer [1005]
2020/12/12 22:34:37: Peer [1004] received the 'interested' message from Peer [1005]
2020/12/12 22:34:37: Peer [1004] is sending 'unchoke' message to Peer [1005]
2020/12/12 22:34:37: Peer [1004] has downloaded the piece [98] from Peer [1001]. Now the number of pieces  it has is [99]
2020/12/12 22:34:37: Peer [1004] is sending 'have' message to Peer [1005]
2020/12/12 22:34:37: Peer [1004] received the 'interested' message from Peer [1005]
2020/12/12 22:34:37: Peer [1004] is sending 'unchoke' message to Peer [1005]
2020/12/12 22:34:37: Peer [1004] has downloaded the piece [99] from Peer [1001]. Now the number of pieces  it has is [100]
2020/12/12 22:34:37: Peer [1004] is sending 'have' message to Peer [1005]
2020/12/12 22:34:38: Peer [1004] received the 'interested' message from Peer [1005]
2020/12/12 22:34:38: Peer [1004] is sending 'unchoke' message to Peer [1005]
2020/12/12 22:34:38: Peer [1004] has downloaded the piece [100] from Peer [1001]. Now the number of pieces  it has is [101]
2020/12/12 22:34:38: Peer [1004] is sending 'have' message to Peer [1005]
2020/12/12 22:34:38: Peer [1004] has downloaded the piece [101] from Peer [1001]. Now the number of pieces  it has is [102]
2020/12/12 22:34:38: Peer [1004] is sending 'have' message to Peer [1005]
2020/12/12 22:34:38: Peer [1004] received the 'interested' message from Peer [1005]
2020/12/12 22:34:38: Peer [1004] is sending 'unchoke' message to Peer [1005]
2020/12/12 22:34:39: Peer [1004] has downloaded the piece [102] from Peer [1001]. Now the number of pieces  it has is [103]
2020/12/12 22:34:39: Peer [1004] is sending 'have' message to Peer [1005]
2020/12/12 22:34:39: Peer [1004] received the 'interested' message from Peer [1005]
2020/12/12 22:34:39: Peer [1004] is sending 'unchoke' message to Peer [1005]
2020/12/12 22:34:39: Peer [1004] has downloaded the piece [103] from Peer [1001]. Now the number of pieces  it has is [104]
2020/12/12 22:34:39: Peer [1004] is sending 'have' message to Peer [1005]
2020/12/12 22:34:40: Peer [1004] received the 'interested' message from Peer [1005]
2020/12/12 22:34:40: Peer [1004] is sending 'unchoke' message to Peer [1005]
2020/12/12 22:34:40: Peer [1004] has downloaded the piece [104] from Peer [1001]. Now the number of pieces  it has is [105]
2020/12/12 22:34:40: Peer [1004] is sending 'have' message to Peer [1005]
2020/12/12 22:34:40: Peer [1004] received the 'interested' message from Peer [1005]
2020/12/12 22:34:40: Peer [1004] is sending 'unchoke' message to Peer [1005]
2020/12/12 22:34:40: Peer [1004] has downloaded the piece [105] from Peer [1001]. Now the number of pieces  it has is [106]
2020/12/12 22:34:40: Peer [1004] is sending 'have' message to Peer [1005]
2020/12/12 22:34:41: Peer [1004] received the 'interested' message from Peer [1005]
2020/12/12 22:34:41: Peer [1004] is sending 'unchoke' message to Peer [1005]
2020/12/12 22:34:41: Peer [1004] has downloaded the piece [106] from Peer [1001]. Now the number of pieces  it has is [107]
2020/12/12 22:34:41: Peer [1004] is sending 'have' message to Peer [1005]
2020/12/12 22:34:41: Peer [1004] received the 'interested' message from Peer [1005]
2020/12/12 22:34:41: Peer [1004] is sending 'unchoke' message to Peer [1005]
2020/12/12 22:34:41: Peer [1004] has downloaded the piece [107] from Peer [1001]. Now the number of pieces  it has is [108]
2020/12/12 22:34:41: Peer [1004] is sending 'have' message to Peer [1005]
2020/12/12 22:34:42: Peer [1004] received the 'interested' message from Peer [1005]
2020/12/12 22:34:42: Peer [1004] is sending 'unchoke' message to Peer [1005]
2020/12/12 22:34:42: Peer [1004] has downloaded the piece [108] from Peer [1001]. Now the number of pieces  it has is [109]
2020/12/12 22:34:42: Peer [1004] is sending 'have' message to Peer [1005]
2020/12/12 22:34:42: Peer [1004] has downloaded the piece [109] from Peer [1001]. Now the number of pieces  it has is [110]
2020/12/12 22:34:42: Peer [1004] is sending 'have' message to Peer [1005]
2020/12/12 22:34:42: Peer [1004] received the 'interested' message from Peer [1005]
2020/12/12 22:34:42: Peer [1004] is sending 'unchoke' message to Peer [1005]
2020/12/12 22:34:43: Peer [1004] has downloaded the piece [110] from Peer [1001]. Now the number of pieces  it has is [111]
2020/12/12 22:34:43: Peer [1004] is sending 'have' message to Peer [1005]
2020/12/12 22:34:43: Peer [1004] has downloaded the piece [111] from Peer [1001]. Now the number of pieces  it has is [112]
2020/12/12 22:34:43: Peer [1004] is sending 'have' message to Peer [1005]
2020/12/12 22:34:43: Peer [1004] received the 'interested' message from Peer [1005]
2020/12/12 22:34:43: Peer [1004] is sending 'unchoke' message to Peer [1005]
2020/12/12 22:34:44: Peer [1004] has downloaded the piece [112] from Peer [1001]. Now the number of pieces  it has is [113]
2020/12/12 22:34:44: Peer [1004] is sending 'have' message to Peer [1005]
2020/12/12 22:34:44: Peer [1004] has downloaded the piece [113] from Peer [1001]. Now the number of pieces  it has is [114]
2020/12/12 22:34:44: Peer [1004] is sending 'have' message to Peer [1005]
2020/12/12 22:34:44: Peer [1004] received the 'interested' message from Peer [1005]
2020/12/12 22:34:44: Peer [1004] is sending 'unchoke' message to Peer [1005]
2020/12/12 22:34:45: Peer [1004] has downloaded the piece [114] from Peer [1001]. Now the number of pieces  it has is [115]
2020/12/12 22:34:45: Peer [1004] is sending 'have' message to Peer [1005]
2020/12/12 22:34:45: Peer [1004] received the 'interested' message from Peer [1005]
2020/12/12 22:34:45: Peer [1004] is sending 'unchoke' message to Peer [1005]
2020/12/12 22:34:45: Peer [1004] has downloaded the piece [115] from Peer [1001]. Now the number of pieces  it has is [116]
2020/12/12 22:34:45: Peer [1004] is sending 'have' message to Peer [1005]
2020/12/12 22:34:46: Peer [1004] received the 'interested' message from Peer [1005]
2020/12/12 22:34:46: Peer [1004] is sending 'unchoke' message to Peer [1005]
2020/12/12 22:34:46: Peer [1004] has downloaded the piece [116] from Peer [1001]. Now the number of pieces  it has is [117]
2020/12/12 22:34:46: Peer [1004] is sending 'have' message to Peer [1005]
2020/12/12 22:34:46: Peer [1004] received the 'interested' message from Peer [1005]
2020/12/12 22:34:46: Peer [1004] is sending 'unchoke' message to Peer [1005]
2020/12/12 22:34:46: Peer [1004] has downloaded the piece [117] from Peer [1001]. Now the number of pieces  it has is [118]
2020/12/12 22:34:46: Peer [1004] is sending 'have' message to Peer [1005]
2020/12/12 22:34:47: Peer [1004] received the 'interested' message from Peer [1005]
2020/12/12 22:34:47: Peer [1004] is sending 'unchoke' message to Peer [1005]
2020/12/12 22:34:47: Peer [1004] has downloaded the piece [118] from Peer [1001]. Now the number of pieces  it has is [119]
2020/12/12 22:34:47: Peer [1004] is sending 'have' message to Peer [1005]
2020/12/12 22:34:47: Peer [1004] received the 'interested' message from Peer [1005]
2020/12/12 22:34:47: Peer [1004] is sending 'unchoke' message to Peer [1005]
2020/12/12 22:34:47: Peer [1004] has downloaded the piece [119] from Peer [1001]. Now the number of pieces  it has is [120]
2020/12/12 22:34:47: Peer [1004] is sending 'have' message to Peer [1005]
2020/12/12 22:34:48: Peer [1004] received the 'interested' message from Peer [1005]
2020/12/12 22:34:48: Peer [1004] is sending 'unchoke' message to Peer [1005]
2020/12/12 22:34:48: Peer [1004] has downloaded the piece [120] from Peer [1001]. Now the number of pieces  it has is [121]
2020/12/12 22:34:48: Peer [1004] is sending 'have' message to Peer [1005]
2020/12/12 22:34:48: Peer [1004] received the 'interested' message from Peer [1005]
2020/12/12 22:34:48: Peer [1004] is sending 'unchoke' message to Peer [1005]
2020/12/12 22:34:48: Peer [1004] has downloaded the piece [121] from Peer [1001]. Now the number of pieces  it has is [122]
2020/12/12 22:34:48: Peer [1004] is sending 'have' message to Peer [1005]
2020/12/12 22:34:49: Peer [1004] received the 'interested' message from Peer [1005]
2020/12/12 22:34:49: Peer [1004] is sending 'unchoke' message to Peer [1005]
2020/12/12 22:34:49: Peer [1004] has downloaded the piece [122] from Peer [1001]. Now the number of pieces  it has is [123]
2020/12/12 22:34:49: Peer [1004] is sending 'have' message to Peer [1005]
2020/12/12 22:34:49: Peer [1004] received the 'interested' message from Peer [1005]
2020/12/12 22:34:49: Peer [1004] is sending 'unchoke' message to Peer [1005]
2020/12/12 22:34:49: Peer [1004] has downloaded the piece [123] from Peer [1001]. Now the number of pieces  it has is [124]
2020/12/12 22:34:49: Peer [1004] is sending 'have' message to Peer [1005]
2020/12/12 22:34:50: Peer [1004] received the 'interested' message from Peer [1005]
2020/12/12 22:34:50: Peer [1004] is sending 'unchoke' message to Peer [1005]
2020/12/12 22:34:50: Peer [1004] has downloaded the piece [124] from Peer [1001]. Now the number of pieces  it has is [125]
2020/12/12 22:34:50: Peer [1004] is sending 'have' message to Peer [1005]
2020/12/12 22:34:50: Peer [1004] received the 'interested' message from Peer [1005]
2020/12/12 22:34:50: Peer [1004] is sending 'unchoke' message to Peer [1005]
2020/12/12 22:34:50: Peer [1004] has downloaded the piece [125] from Peer [1001]. Now the number of pieces  it has is [126]
2020/12/12 22:34:50: Peer [1004] is sending 'have' message to Peer [1005]
2020/12/12 22:34:51: Peer [1004] received the 'interested' message from Peer [1005]
2020/12/12 22:34:51: Peer [1004] is sending 'unchoke' message to Peer [1005]
2020/12/12 22:34:51: Peer [1004] has downloaded the piece [126] from Peer [1001]. Now the number of pieces  it has is [127]
2020/12/12 22:34:51: Peer [1004] is sending 'have' message to Peer [1005]
2020/12/12 22:34:51: Peer [1004] received the 'interested' message from Peer [1005]
2020/12/12 22:34:51: Peer [1004] is sending 'unchoke' message to Peer [1005]
2020/12/12 22:34:51: Peer [1004] has downloaded the piece [127] from Peer [1001]. Now the number of pieces  it has is [128]
2020/12/12 22:34:51: Peer [1004] is sending 'have' message to Peer [1005]
2020/12/12 22:34:52: Peer [1004] received the 'interested' message from Peer [1005]
2020/12/12 22:34:52: Peer [1004] is sending 'unchoke' message to Peer [1005]
2020/12/12 22:34:52: Peer [1004] has downloaded the piece [128] from Peer [1001]. Now the number of pieces  it has is [129]
2020/12/12 22:34:52: Peer [1004] is sending 'have' message to Peer [1005]
2020/12/12 22:34:52: Peer [1004] received the 'interested' message from Peer [1005]
2020/12/12 22:34:52: Peer [1004] is sending 'unchoke' message to Peer [1005]
2020/12/12 22:34:52: Peer [1004] has downloaded the piece [129] from Peer [1001]. Now the number of pieces  it has is [130]
2020/12/12 22:34:52: Peer [1004] is sending 'have' message to Peer [1005]
2020/12/12 22:34:53: Peer [1004] received the 'interested' message from Peer [1005]
2020/12/12 22:34:53: Peer [1004] is sending 'unchoke' message to Peer [1005]
2020/12/12 22:34:53: Peer [1004] has downloaded the piece [130] from Peer [1001]. Now the number of pieces  it has is [131]
2020/12/12 22:34:53: Peer [1004] is sending 'have' message to Peer [1005]
2020/12/12 22:34:53: Peer [1004] received the 'interested' message from Peer [1005]
2020/12/12 22:34:53: Peer [1004] is sending 'unchoke' message to Peer [1005]
2020/12/12 22:34:53: Peer [1004] has downloaded the piece [131] from Peer [1001]. Now the number of pieces  it has is [132]
2020/12/12 22:34:53: Peer [1004] is sending 'have' message to Peer [1005]
2020/12/12 22:34:54: Peer [1004] has downloaded the piece [132] from Peer [1001]. Now the number of pieces  it has is [133]
2020/12/12 22:34:54: Peer [1004] has DOWNLOADED the complete file.
2020/12/12 22:34:54: Peer [1004] is sending 'have' message to Peer [1005]
2020/12/12 22:34:54: Peer [1004] received the 'interested' message from Peer [1005]
2020/12/12 22:34:54: Peer [1004] is sending 'unchoke' message to Peer [1005]
2020/12/12 22:34:54: Peer [1004] is sending a PIECE message for piece [126] to Peer [1005]
2020/12/12 22:34:55: Peer [1004] is sending a PIECE message for piece [127] to Peer [1005]
2020/12/12 22:34:55: Peer [1004] is sending a PIECE message for piece [128] to Peer [1005]
2020/12/12 22:34:56: Peer [1004] is sending a PIECE message for piece [129] to Peer [1005]
2020/12/12 22:34:56: Peer [1004] is sending a PIECE message for piece [130] to Peer [1005]
2020/12/12 22:34:57: Peer [1004] is sending a PIECE message for piece [131] to Peer [1005]
2020/12/12 22:35:36: Peer All peers have completed downloading the file.
2020/12/12 22:35:38: Peer [1004] Peer process is exiting
